#
# A fatal error has been detected by the Java Runtime Environment:
#
#  SIGSEGV (0xb) at pc=0x0000000000000000, pid=38078, tid=38080
#
# JRE version: OpenJDK Runtime Environment (22.0) (build 22)
# Java VM: OpenJDK 64-Bit Server VM (22, mixed mode, sharing, tiered, compressed oops, compressed class ptrs, g1 gc, linux-amd64)
# Problematic frame:
# C  [libjniRaylib.so+0x14e2af]  rlLoadTexture+0x4f
#
# Core dump will be written. Default location: Core dumps may be processed with "/usr/lib/systemd/systemd-coredump %P %u %g %s %t %c %h" (or dumping to /home/adam/projects/java/test/JavaMinesweeper/core.38078)
#
# If you would like to submit a bug report, please visit:
#   https://bugreport.java.com/bugreport/crash.jsp
# The crash happened outside the Java Virtual Machine in native code.
# See problematic frame for where to report the bug.
#

---------------  S U M M A R Y ------------

Command Line: -javaagent:/usr/share/jetbrains-idea-ce/lib/idea_rt.jar=37373:/usr/share/jetbrains-idea-ce/bin -Dfile.encoding=UTF-8 -Dsun.stdout.encoding=UTF-8 -Dsun.stderr.encoding=UTF-8 org.example.Main

Host: AMD Ryzen 9 7950X 16-Core Processor, 128 cores, 15G, Arch Linux
Time: Thu Jun 13 21:56:15 2024 BST elapsed time: 0.108412 seconds (0d 0h 0m 0s)

---------------  T H R E A D  ---------------

Current thread (0x00007f47b4018cf0):  JavaThread "main"             [_thread_in_native, id=38080, stack(0x00007f47b9100000,0x00007f47b9200000) (1024K)]

Stack: [0x00007f47b9100000,0x00007f47b9200000],  sp=0x00007f47b91fdc90,  free space=1015k
Native frames: (J=compiled Java code, j=interpreted, Vv=VM code, C=native code)
C  [libjniRaylib.so+0x14e2af]  rlLoadTexture+0x4f
Java frames: (J=compiled Java code, j=interpreted, Vv=VM code)
j  com.raylib.Raylib.LoadTexture(Ljava/lang/String;)Lcom/raylib/Raylib$Texture;+0
j  org.example.CellRenderer.<clinit>()V+49
v  ~StubRoutines::call_stub 0x00007f47a3d37cc6
j  org.example.Minesweeper.init(I)V+26
j  org.example.GameController.init(I)V+16
j  org.example.Main.main([Ljava/lang/String;)V+11
v  ~StubRoutines::call_stub 0x00007f47a3d37cc6

siginfo: si_signo: 11 (SIGSEGV), si_code: 1 (SEGV_MAPERR), si_addr: 0x0000000000000000

Registers:
RAX=0x00007f478ff70758, RBX=0x0000000000000060, RCX=0x0000000000000007, RDX=0x0000000000000060
RSP=0x00007f47b91fdc88, RBP=0x0000000000000001, RSI=0x0000000000000000, RDI=0x0000000000000de1
R8 =0x0000000000000001, R9 =0x0000000000000007, R10=0x00007f47b4305870, R11=0xd55e32d2ef0cd297
R12=0x00007f47b91fdd90, R13=0x0000000000000007, R14=0x0000000000000007, R15=0x00007f47b4018cf0
RIP=0x0000000000000000, EFLAGS=0x0000000000010246, CSGSFS=0x002b000000000033, ERR=0x0000000000000014
  TRAPNO=0x000000000000000e


Register to memory mapping:

RAX=0x00007f478ff70758: glad_glBindTexture+0x0000000000000000 in /home/adam/.javacpp/cache/jaylib-5.0.0-0.jar/com/raylib/linux-x86_64/libjniRaylib.so at 0x00007f478fc00000
RBX=0x0000000000000060 is an unknown value
RCX=0x0000000000000007 is an unknown value
RDX=0x0000000000000060 is an unknown value
RSP=0x00007f47b91fdc88 is pointing into the stack for thread: 0x00007f47b4018cf0
RBP=0x0000000000000001 is an unknown value
RSI=0x0 is null
RDI=0x0000000000000de1 is an unknown value
R8 =0x0000000000000001 is an unknown value
R9 =0x0000000000000007 is an unknown value
R10=0x00007f47b4305870 points into unknown readable memory: 0x00000007f47b4305 | 05 43 7b f4 07 00 00 00
R11=0xd55e32d2ef0cd297 is an unknown value
R12=0x00007f47b91fdd90 is pointing into the stack for thread: 0x00007f47b4018cf0
R13=0x0000000000000007 is an unknown value
R14=0x0000000000000007 is an unknown value
R15=0x00007f47b4018cf0 is a thread

Top of Stack: (sp=0x00007f47b91fdc88)
0x00007f47b91fdc88:   00007f478fd4e2af 0000000000000000
0x00007f47b91fdc98:   00007f47b4311300 00007f4700000001
0x00007f47b91fdca8:   00007f47b91fdd40 00007f47b43057a0
0x00007f47b91fdcb8:   0000000000000001 00007f47b91fdd40
0x00007f47b91fdcc8:   0000006000000060 0000000000000000
0x00007f47b91fdcd8:   00007f47b4305860 00007f47b91fdd20
0x00007f47b91fdce8:   00007f47ba892dae 0000000700000001
0x00007f47b91fdcf8:   a73af51fec066c00 00007f47b4305780
0x00007f47b91fdd08:   0000000000000060 0000000000000001
0x00007f47b91fdd18:   00007f47b91fdd90 0000000000000060
0x00007f47b91fdd28:   0000000000000007 00007f47b4018cf0
0x00007f47b91fdd38:   00007f478fe0773d 00007f47b43057a0
0x00007f47b91fdd48:   00007f47b91fde50 00007f47b43057a0
0x00007f47b91fdd58:   00007f472c42a0a8 00007f47b91fded0
0x00007f47b91fdd68:   00007f478fe07797 00007f47b4311300
0x00007f47b91fdd78:   0000006000000060 0000000700000001
0x00007f47b91fdd88:   00007f478fe07777 0000000000000000
0x00007f47b91fdd98:   0000000000000000 0000000000000000
0x00007f47b91fdda8:   00007f472c42a0a8 00007f47b4311300
0x00007f47b91fddb8:   0000006000000060 0000000700000001
0x00007f47b91fddc8:   a73af51fec066c00 0000000000000000
0x00007f47b91fddd8:   00007f478fcd2c2c 00007f47b4018cf0
0x00007f47b91fdde8:   00007f47b91fded0 00007f47b91fdec0
0x00007f47b91fddf8:   00007f47b40190b0 0000000000000000
0x00007f47b91fde08:   0000000000000000 00007f47b4305780
0x00007f47b91fde18:   00007f47b4018cf0 00007f47b91fdec0
0x00007f47b91fde28:   00007f472c42a0b0 0000000000000000
0x00007f47b91fde38:   a73af51fec066c00 00007f472c42a0b0
0x00007f47b91fde48:   0000000000000000 00007f47b91fdeb0
0x00007f47b91fde58:   00007f47a3d43c3c 00007f47a3d438db
0x00007f47b91fde68:   fffffffffffffff7 00007f472c42a0a8
0x00007f47b91fde78:   0000000000000004 00007f472c452290 

Instructions: (pc=0x00007f478fd4e2af)
0x00007f478fd4e1af:   00 48 8d 05 5b 9a 17 00 c3 0f 1f 84 00 00 00 00
0x00007f478fd4e1bf:   00 48 8d 05 41 9a 17 00 c3 0f 1f 84 00 00 00 00
0x00007f478fd4e1cf:   00 48 8d 05 2d 9a 17 00 c3 0f 1f 84 00 00 00 00
0x00007f478fd4e1df:   00 48 8d 05 10 9a 17 00 c3 0f 1f 84 00 00 00 00
0x00007f478fd4e1ef:   00 48 8d 05 f6 99 17 00 c3 0f 1f 84 00 00 00 00
0x00007f478fd4e1ff:   00 48 8d 05 e2 99 17 00 c3 0f 1f 84 00 00 00 00
0x00007f478fd4e20f:   00 48 8d 05 c9 99 17 00 c3 0f 1f 84 00 00 00 00
0x00007f478fd4e21f:   00 48 8d 05 b0 99 17 00 c3 0f 1f 84 00 00 00 00
0x00007f478fd4e22f:   00 48 8d 05 97 99 17 00 c3 0f 1f 84 00 00 00 00
0x00007f478fd4e23f:   00 48 8d 05 80 99 17 00 c3 0f 1f 84 00 00 00 00
0x00007f478fd4e24f:   00 48 8d 05 69 99 17 00 c3 48 8d 05 4f 99 17 00
0x00007f478fd4e25f:   c3 f3 0f 1e fa 41 57 41 56 41 55 41 89 cd 41 54
0x00007f478fd4e26f:   55 53 48 83 ec 78 48 89 7c 24 08 bf e1 0d 00 00
0x00007f478fd4e27f:   89 74 24 38 31 f6 89 54 24 3c 44 89 44 24 10 64
0x00007f478fd4e28f:   48 8b 04 25 28 00 00 00 48 89 44 24 68 31 c0 48
0x00007f478fd4e29f:   8d 05 b3 24 22 00 c7 44 24 40 00 00 00 00 ff 10
0x00007f478fd4e2af:   80 3d f9 83 22 00 00 75 0d 41 8d 45 f2 83 f8 03
0x00007f478fd4e2bf:   0f 86 b3 03 00 00 80 3d e4 83 22 00 01 74 0a 41
0x00007f478fd4e2cf:   83 fd 12 0f 84 f8 03 00 00 80 3d d2 83 22 00 00
0x00007f478fd4e2df:   75 0d 41 8d 45 ed 83 f8 01 0f 86 aa 03 00 00 80
0x00007f478fd4e2ef:   3d bd 83 22 00 00 75 0d 41 8d 45 eb 83 f8 01 0f
0x00007f478fd4e2ff:   86 b0 03 00 00 80 3d a8 83 22 00 00 0f 84 1f 03
0x00007f478fd4e30f:   00 00 48 8d 05 40 13 22 00 be 01 00 00 00 bf f5
0x00007f478fd4e31f:   0c 00 00 ff 10 48 8d 05 dd 1c 22 00 48 8d 74 24
0x00007f478fd4e32f:   40 bf 01 00 00 00 ff 10 48 8d 05 1a 24 22 00 8b
0x00007f478fd4e33f:   74 24 40 bf e1 0d 00 00 ff 10 44 8b 44 24 10 45
0x00007f478fd4e34f:   85 c0 0f 8e 99 03 00 00 41 8d 45 ff 4c 8b 64 24
0x00007f478fd4e35f:   08 44 8b 7c 24 3c 31 ed 89 44 24 14 41 8d 45 f2
0x00007f478fd4e36f:   44 8b 74 24 38 89 44 24 30 41 8d 45 f0 89 44 24
0x00007f478fd4e37f:   34 48 8d 44 24 4c 48 89 44 24 28 48 8d 44 24 48
0x00007f478fd4e38f:   48 89 44 24 20 48 8d 44 24 44 48 89 44 24 18 e9
0x00007f478fd4e39f:   f5 00 00 00 0f 1f 44 00 00 83 7c 24 30 01 0f 86 


Stack slot to memory mapping:

stack at sp + 0 slots: 0x0 is null
stack at sp + 1 slots: 0x00007f47b4311300 points into unknown readable memory: 0x0000000000000000 | 00 00 00 00 00 00 00 00
stack at sp + 2 slots: 0x00007f4700000001 points into unknown readable memory: 00 00 00 47 7f 00 00
stack at sp + 3 slots: 0x00007f47b91fdd40 is pointing into the stack for thread: 0x00007f47b4018cf0
stack at sp + 4 slots: 0x00007f47b43057a0 points into unknown readable memory: 0x00000007f47b4305 | 05 43 7b f4 07 00 00 00
stack at sp + 5 slots: 0x0000000000000001 is an unknown value
stack at sp + 6 slots: 0x00007f47b91fdd40 is pointing into the stack for thread: 0x00007f47b4018cf0
stack at sp + 7 slots: 0x0000006000000060 is an unknown value


---------------  P R O C E S S  ---------------

Threads class SMR info:
_java_thread_list=0x00007f47b42f33b0, length=12, elements={
0x00007f47b4018cf0, 0x00007f47b4159f90, 0x00007f47b415b5f0, 0x00007f47b415d0e0,
0x00007f47b415e730, 0x00007f47b415fce0, 0x00007f47b4161810, 0x00007f47b4162f30,
0x00007f47b41b5680, 0x00007f47b425b2f0, 0x00007f47b425d610, 0x00007f47b42f27d0
}

Java Threads: ( => current thread )
=>0x00007f47b4018cf0 JavaThread "main"                              [_thread_in_native, id=38080, stack(0x00007f47b9100000,0x00007f47b9200000) (1024K)]
  0x00007f47b4159f90 JavaThread "Reference Handler"          daemon [_thread_blocked, id=38096, stack(0x00007f4794ef6000,0x00007f4794ff6000) (1024K)]
  0x00007f47b415b5f0 JavaThread "Finalizer"                  daemon [_thread_blocked, id=38098, stack(0x00007f4794b00000,0x00007f4794c00000) (1024K)]
  0x00007f47b415d0e0 JavaThread "Signal Dispatcher"          daemon [_thread_blocked, id=38101, stack(0x00007f47949ff000,0x00007f4794aff000) (1024K)]
  0x00007f47b415e730 JavaThread "Service Thread"             daemon [_thread_blocked, id=38103, stack(0x00007f47948fe000,0x00007f47949fe000) (1024K)]
  0x00007f47b415fce0 JavaThread "Monitor Deflation Thread"   daemon [_thread_blocked, id=38105, stack(0x00007f47947fd000,0x00007f47948fd000) (1024K)]
  0x00007f47b4161810 JavaThread "C2 CompilerThread0"         daemon [_thread_blocked, id=38107, stack(0x00007f47946fc000,0x00007f47947fc000) (1024K)]
  0x00007f47b4162f30 JavaThread "C1 CompilerThread0"         daemon [_thread_blocked, id=38108, stack(0x00007f479452a000,0x00007f479462a000) (1024K)]
  0x00007f47b41b5680 JavaThread "Common-Cleaner"             daemon [_thread_blocked, id=38110, stack(0x00007f4794429000,0x00007f4794529000) (1024K)]
  0x00007f47b425b2f0 JavaThread "Monitor Ctrl-Break"         daemon [_thread_in_native, id=38113, stack(0x00007f4794328000,0x00007f4794428000) (1024K)]
  0x00007f47b425d610 JavaThread "Notification Thread"        daemon [_thread_blocked, id=38114, stack(0x00007f4794227000,0x00007f4794327000) (1024K)]
  0x00007f47b42f27d0 JavaThread "JavaCPP Deallocator"        daemon [_thread_blocked, id=38115, stack(0x00007f478fb00000,0x00007f478fc00000) (1024K)]
Total: 12

Other Threads:
  0x00007f47b414c650 VMThread "VM Thread"                           [id=38094, stack(0x00007f4794ff7000,0x00007f47950f7000) (1024K)]
  0x00007f47b41311d0 WatcherThread "VM Periodic Task Thread"        [id=38092, stack(0x00007f47952fc000,0x00007f47953fc000) (1024K)]
  0x00007f47b4080e20 WorkerThread "GC Thread#0"                     [id=38084, stack(0x00007f47b84a3000,0x00007f47b85a3000) (1024K)]
  0x00007f47b4091d90 ConcurrentGCThread "G1 Main Marker"            [id=38085, stack(0x00007f47b83a2000,0x00007f47b84a2000) (1024K)]
  0x00007f47b4092d40 WorkerThread "G1 Conc#0"                       [id=38086, stack(0x00007f47b82a1000,0x00007f47b83a1000) (1024K)]
  0x00007f47b411e560 ConcurrentGCThread "G1 Refine#0"               [id=38089, stack(0x00007f47954fe000,0x00007f47955fe000) (1024K)]
  0x00007f47b411f530 ConcurrentGCThread "G1 Service"                [id=38090, stack(0x00007f47953fd000,0x00007f47954fd000) (1024K)]
Total: 7

Threads with active compile tasks:
Total: 0

VM state: not at safepoint (normal execution)

VM Mutex/Monitor currently owned by a thread: None

Heap address: 0x0000000706a00000, size: 3990 MB, Compressed Oops mode: Zero based, Oop shift amount: 3

CDS archive(s) mapped at: [0x00007f4736000000-0x00007f4736c77000-0x00007f4736c77000), size 13070336, SharedBaseAddress: 0x00007f4736000000, ArchiveRelocationMode: 1.
Compressed class space mapped at: 0x00007f4737000000-0x00007f4777000000, reserved size: 1073741824
Narrow klass base: 0x00007f4736000000, Narrow klass shift: 0, Narrow klass range: 0x100000000

GC Precious Log:
 CardTable entry size: 512
 Card Set container configuration: InlinePtr #cards 4 size 8 Array Of Cards #cards 16 size 48 Howl #buckets 8 coarsen threshold 3686 Howl Bitmap #cards 512 size 80 coarsen threshold 460 Card regions per heap region 1 cards per card region 4096
 CPUs: 128 total, 6 available
 Memory: 15957M
 Large Page Support: Disabled
 NUMA Support: Disabled
 Compressed Oops: Enabled (Zero based)
 Heap Region Size: 2M
 Heap Min Capacity: 8M
 Heap Initial Capacity: 250M
 Heap Max Capacity: 3990M
 Pre-touch: Disabled
 Parallel Workers: 6
 Concurrent Workers: 2
 Concurrent Refinement Workers: 6
 Periodic GC: Disabled

Heap:
 garbage-first heap   total reserved 4085760K, committed 258048K, used 7201K [0x0000000706a00000, 0x0000000800000000)
  region size 2048K, 4 young (8192K), 0 survivors (0K)
 Metaspace       used 2509K, committed 2624K, reserved 1114112K
  class space    used 238K, committed 320K, reserved 1048576K

Heap Regions: E=young(eden), S=young(survivor), O=old, HS=humongous(starts), HC=humongous(continues), CS=collection set, F=free, TAMS=top-at-mark-start, PB=parsable bottom
|   0|0x0000000706a00000, 0x0000000706a00000, 0x0000000706c00000|  0%| F|  |TAMS 0x0000000706a00000| PB 0x0000000706a00000| Untracked |  0
|   1|0x0000000706c00000, 0x0000000706c00000, 0x0000000706e00000|  0%| F|  |TAMS 0x0000000706c00000| PB 0x0000000706c00000| Untracked |  0
|   2|0x0000000706e00000, 0x0000000706e00000, 0x0000000707000000|  0%| F|  |TAMS 0x0000000706e00000| PB 0x0000000706e00000| Untracked |  0
|   3|0x0000000707000000, 0x0000000707000000, 0x0000000707200000|  0%| F|  |TAMS 0x0000000707000000| PB 0x0000000707000000| Untracked |  0
|   4|0x0000000707200000, 0x0000000707200000, 0x0000000707400000|  0%| F|  |TAMS 0x0000000707200000| PB 0x0000000707200000| Untracked |  0
|   5|0x0000000707400000, 0x0000000707400000, 0x0000000707600000|  0%| F|  |TAMS 0x0000000707400000| PB 0x0000000707400000| Untracked |  0
|   6|0x0000000707600000, 0x0000000707600000, 0x0000000707800000|  0%| F|  |TAMS 0x0000000707600000| PB 0x0000000707600000| Untracked |  0
|   7|0x0000000707800000, 0x0000000707800000, 0x0000000707a00000|  0%| F|  |TAMS 0x0000000707800000| PB 0x0000000707800000| Untracked |  0
|   8|0x0000000707a00000, 0x0000000707a00000, 0x0000000707c00000|  0%| F|  |TAMS 0x0000000707a00000| PB 0x0000000707a00000| Untracked |  0
|   9|0x0000000707c00000, 0x0000000707c00000, 0x0000000707e00000|  0%| F|  |TAMS 0x0000000707c00000| PB 0x0000000707c00000| Untracked |  0
|  10|0x0000000707e00000, 0x0000000707e00000, 0x0000000708000000|  0%| F|  |TAMS 0x0000000707e00000| PB 0x0000000707e00000| Untracked |  0
|  11|0x0000000708000000, 0x0000000708000000, 0x0000000708200000|  0%| F|  |TAMS 0x0000000708000000| PB 0x0000000708000000| Untracked |  0
|  12|0x0000000708200000, 0x0000000708200000, 0x0000000708400000|  0%| F|  |TAMS 0x0000000708200000| PB 0x0000000708200000| Untracked |  0
|  13|0x0000000708400000, 0x0000000708400000, 0x0000000708600000|  0%| F|  |TAMS 0x0000000708400000| PB 0x0000000708400000| Untracked |  0
|  14|0x0000000708600000, 0x0000000708600000, 0x0000000708800000|  0%| F|  |TAMS 0x0000000708600000| PB 0x0000000708600000| Untracked |  0
|  15|0x0000000708800000, 0x0000000708800000, 0x0000000708a00000|  0%| F|  |TAMS 0x0000000708800000| PB 0x0000000708800000| Untracked |  0
|  16|0x0000000708a00000, 0x0000000708a00000, 0x0000000708c00000|  0%| F|  |TAMS 0x0000000708a00000| PB 0x0000000708a00000| Untracked |  0
|  17|0x0000000708c00000, 0x0000000708c00000, 0x0000000708e00000|  0%| F|  |TAMS 0x0000000708c00000| PB 0x0000000708c00000| Untracked |  0
|  18|0x0000000708e00000, 0x0000000708e00000, 0x0000000709000000|  0%| F|  |TAMS 0x0000000708e00000| PB 0x0000000708e00000| Untracked |  0
|  19|0x0000000709000000, 0x0000000709000000, 0x0000000709200000|  0%| F|  |TAMS 0x0000000709000000| PB 0x0000000709000000| Untracked |  0
|  20|0x0000000709200000, 0x0000000709200000, 0x0000000709400000|  0%| F|  |TAMS 0x0000000709200000| PB 0x0000000709200000| Untracked |  0
|  21|0x0000000709400000, 0x0000000709400000, 0x0000000709600000|  0%| F|  |TAMS 0x0000000709400000| PB 0x0000000709400000| Untracked |  0
|  22|0x0000000709600000, 0x0000000709600000, 0x0000000709800000|  0%| F|  |TAMS 0x0000000709600000| PB 0x0000000709600000| Untracked |  0
|  23|0x0000000709800000, 0x0000000709800000, 0x0000000709a00000|  0%| F|  |TAMS 0x0000000709800000| PB 0x0000000709800000| Untracked |  0
|  24|0x0000000709a00000, 0x0000000709a00000, 0x0000000709c00000|  0%| F|  |TAMS 0x0000000709a00000| PB 0x0000000709a00000| Untracked |  0
|  25|0x0000000709c00000, 0x0000000709c00000, 0x0000000709e00000|  0%| F|  |TAMS 0x0000000709c00000| PB 0x0000000709c00000| Untracked |  0
|  26|0x0000000709e00000, 0x0000000709e00000, 0x000000070a000000|  0%| F|  |TAMS 0x0000000709e00000| PB 0x0000000709e00000| Untracked |  0
|  27|0x000000070a000000, 0x000000070a000000, 0x000000070a200000|  0%| F|  |TAMS 0x000000070a000000| PB 0x000000070a000000| Untracked |  0
|  28|0x000000070a200000, 0x000000070a200000, 0x000000070a400000|  0%| F|  |TAMS 0x000000070a200000| PB 0x000000070a200000| Untracked |  0
|  29|0x000000070a400000, 0x000000070a400000, 0x000000070a600000|  0%| F|  |TAMS 0x000000070a400000| PB 0x000000070a400000| Untracked |  0
|  30|0x000000070a600000, 0x000000070a600000, 0x000000070a800000|  0%| F|  |TAMS 0x000000070a600000| PB 0x000000070a600000| Untracked |  0
|  31|0x000000070a800000, 0x000000070a800000, 0x000000070aa00000|  0%| F|  |TAMS 0x000000070a800000| PB 0x000000070a800000| Untracked |  0
|  32|0x000000070aa00000, 0x000000070aa00000, 0x000000070ac00000|  0%| F|  |TAMS 0x000000070aa00000| PB 0x000000070aa00000| Untracked |  0
|  33|0x000000070ac00000, 0x000000070ac00000, 0x000000070ae00000|  0%| F|  |TAMS 0x000000070ac00000| PB 0x000000070ac00000| Untracked |  0
|  34|0x000000070ae00000, 0x000000070ae00000, 0x000000070b000000|  0%| F|  |TAMS 0x000000070ae00000| PB 0x000000070ae00000| Untracked |  0
|  35|0x000000070b000000, 0x000000070b000000, 0x000000070b200000|  0%| F|  |TAMS 0x000000070b000000| PB 0x000000070b000000| Untracked |  0
|  36|0x000000070b200000, 0x000000070b200000, 0x000000070b400000|  0%| F|  |TAMS 0x000000070b200000| PB 0x000000070b200000| Untracked |  0
|  37|0x000000070b400000, 0x000000070b400000, 0x000000070b600000|  0%| F|  |TAMS 0x000000070b400000| PB 0x000000070b400000| Untracked |  0
|  38|0x000000070b600000, 0x000000070b600000, 0x000000070b800000|  0%| F|  |TAMS 0x000000070b600000| PB 0x000000070b600000| Untracked |  0
|  39|0x000000070b800000, 0x000000070b800000, 0x000000070ba00000|  0%| F|  |TAMS 0x000000070b800000| PB 0x000000070b800000| Untracked |  0
|  40|0x000000070ba00000, 0x000000070ba00000, 0x000000070bc00000|  0%| F|  |TAMS 0x000000070ba00000| PB 0x000000070ba00000| Untracked |  0
|  41|0x000000070bc00000, 0x000000070bc00000, 0x000000070be00000|  0%| F|  |TAMS 0x000000070bc00000| PB 0x000000070bc00000| Untracked |  0
|  42|0x000000070be00000, 0x000000070be00000, 0x000000070c000000|  0%| F|  |TAMS 0x000000070be00000| PB 0x000000070be00000| Untracked |  0
|  43|0x000000070c000000, 0x000000070c000000, 0x000000070c200000|  0%| F|  |TAMS 0x000000070c000000| PB 0x000000070c000000| Untracked |  0
|  44|0x000000070c200000, 0x000000070c200000, 0x000000070c400000|  0%| F|  |TAMS 0x000000070c200000| PB 0x000000070c200000| Untracked |  0
|  45|0x000000070c400000, 0x000000070c400000, 0x000000070c600000|  0%| F|  |TAMS 0x000000070c400000| PB 0x000000070c400000| Untracked |  0
|  46|0x000000070c600000, 0x000000070c600000, 0x000000070c800000|  0%| F|  |TAMS 0x000000070c600000| PB 0x000000070c600000| Untracked |  0
|  47|0x000000070c800000, 0x000000070c800000, 0x000000070ca00000|  0%| F|  |TAMS 0x000000070c800000| PB 0x000000070c800000| Untracked |  0
|  48|0x000000070ca00000, 0x000000070ca00000, 0x000000070cc00000|  0%| F|  |TAMS 0x000000070ca00000| PB 0x000000070ca00000| Untracked |  0
|  49|0x000000070cc00000, 0x000000070cc00000, 0x000000070ce00000|  0%| F|  |TAMS 0x000000070cc00000| PB 0x000000070cc00000| Untracked |  0
|  50|0x000000070ce00000, 0x000000070ce00000, 0x000000070d000000|  0%| F|  |TAMS 0x000000070ce00000| PB 0x000000070ce00000| Untracked |  0
|  51|0x000000070d000000, 0x000000070d000000, 0x000000070d200000|  0%| F|  |TAMS 0x000000070d000000| PB 0x000000070d000000| Untracked |  0
|  52|0x000000070d200000, 0x000000070d200000, 0x000000070d400000|  0%| F|  |TAMS 0x000000070d200000| PB 0x000000070d200000| Untracked |  0
|  53|0x000000070d400000, 0x000000070d400000, 0x000000070d600000|  0%| F|  |TAMS 0x000000070d400000| PB 0x000000070d400000| Untracked |  0
|  54|0x000000070d600000, 0x000000070d600000, 0x000000070d800000|  0%| F|  |TAMS 0x000000070d600000| PB 0x000000070d600000| Untracked |  0
|  55|0x000000070d800000, 0x000000070d800000, 0x000000070da00000|  0%| F|  |TAMS 0x000000070d800000| PB 0x000000070d800000| Untracked |  0
|  56|0x000000070da00000, 0x000000070da00000, 0x000000070dc00000|  0%| F|  |TAMS 0x000000070da00000| PB 0x000000070da00000| Untracked |  0
|  57|0x000000070dc00000, 0x000000070dc00000, 0x000000070de00000|  0%| F|  |TAMS 0x000000070dc00000| PB 0x000000070dc00000| Untracked |  0
|  58|0x000000070de00000, 0x000000070de00000, 0x000000070e000000|  0%| F|  |TAMS 0x000000070de00000| PB 0x000000070de00000| Untracked |  0
|  59|0x000000070e000000, 0x000000070e000000, 0x000000070e200000|  0%| F|  |TAMS 0x000000070e000000| PB 0x000000070e000000| Untracked |  0
|  60|0x000000070e200000, 0x000000070e200000, 0x000000070e400000|  0%| F|  |TAMS 0x000000070e200000| PB 0x000000070e200000| Untracked |  0
|  61|0x000000070e400000, 0x000000070e400000, 0x000000070e600000|  0%| F|  |TAMS 0x000000070e400000| PB 0x000000070e400000| Untracked |  0
|  62|0x000000070e600000, 0x000000070e600000, 0x000000070e800000|  0%| F|  |TAMS 0x000000070e600000| PB 0x000000070e600000| Untracked |  0
|  63|0x000000070e800000, 0x000000070e800000, 0x000000070ea00000|  0%| F|  |TAMS 0x000000070e800000| PB 0x000000070e800000| Untracked |  0
|  64|0x000000070ea00000, 0x000000070ea00000, 0x000000070ec00000|  0%| F|  |TAMS 0x000000070ea00000| PB 0x000000070ea00000| Untracked |  0
|  65|0x000000070ec00000, 0x000000070ec00000, 0x000000070ee00000|  0%| F|  |TAMS 0x000000070ec00000| PB 0x000000070ec00000| Untracked |  0
|  66|0x000000070ee00000, 0x000000070ee00000, 0x000000070f000000|  0%| F|  |TAMS 0x000000070ee00000| PB 0x000000070ee00000| Untracked |  0
|  67|0x000000070f000000, 0x000000070f000000, 0x000000070f200000|  0%| F|  |TAMS 0x000000070f000000| PB 0x000000070f000000| Untracked |  0
|  68|0x000000070f200000, 0x000000070f200000, 0x000000070f400000|  0%| F|  |TAMS 0x000000070f200000| PB 0x000000070f200000| Untracked |  0
|  69|0x000000070f400000, 0x000000070f400000, 0x000000070f600000|  0%| F|  |TAMS 0x000000070f400000| PB 0x000000070f400000| Untracked |  0
|  70|0x000000070f600000, 0x000000070f600000, 0x000000070f800000|  0%| F|  |TAMS 0x000000070f600000| PB 0x000000070f600000| Untracked |  0
|  71|0x000000070f800000, 0x000000070f800000, 0x000000070fa00000|  0%| F|  |TAMS 0x000000070f800000| PB 0x000000070f800000| Untracked |  0
|  72|0x000000070fa00000, 0x000000070fa00000, 0x000000070fc00000|  0%| F|  |TAMS 0x000000070fa00000| PB 0x000000070fa00000| Untracked |  0
|  73|0x000000070fc00000, 0x000000070fc00000, 0x000000070fe00000|  0%| F|  |TAMS 0x000000070fc00000| PB 0x000000070fc00000| Untracked |  0
|  74|0x000000070fe00000, 0x000000070fe00000, 0x0000000710000000|  0%| F|  |TAMS 0x000000070fe00000| PB 0x000000070fe00000| Untracked |  0
|  75|0x0000000710000000, 0x0000000710000000, 0x0000000710200000|  0%| F|  |TAMS 0x0000000710000000| PB 0x0000000710000000| Untracked |  0
|  76|0x0000000710200000, 0x0000000710200000, 0x0000000710400000|  0%| F|  |TAMS 0x0000000710200000| PB 0x0000000710200000| Untracked |  0
|  77|0x0000000710400000, 0x0000000710400000, 0x0000000710600000|  0%| F|  |TAMS 0x0000000710400000| PB 0x0000000710400000| Untracked |  0
|  78|0x0000000710600000, 0x0000000710600000, 0x0000000710800000|  0%| F|  |TAMS 0x0000000710600000| PB 0x0000000710600000| Untracked |  0
|  79|0x0000000710800000, 0x0000000710800000, 0x0000000710a00000|  0%| F|  |TAMS 0x0000000710800000| PB 0x0000000710800000| Untracked |  0
|  80|0x0000000710a00000, 0x0000000710a00000, 0x0000000710c00000|  0%| F|  |TAMS 0x0000000710a00000| PB 0x0000000710a00000| Untracked |  0
|  81|0x0000000710c00000, 0x0000000710c00000, 0x0000000710e00000|  0%| F|  |TAMS 0x0000000710c00000| PB 0x0000000710c00000| Untracked |  0
|  82|0x0000000710e00000, 0x0000000710e00000, 0x0000000711000000|  0%| F|  |TAMS 0x0000000710e00000| PB 0x0000000710e00000| Untracked |  0
|  83|0x0000000711000000, 0x0000000711000000, 0x0000000711200000|  0%| F|  |TAMS 0x0000000711000000| PB 0x0000000711000000| Untracked |  0
|  84|0x0000000711200000, 0x0000000711200000, 0x0000000711400000|  0%| F|  |TAMS 0x0000000711200000| PB 0x0000000711200000| Untracked |  0
|  85|0x0000000711400000, 0x0000000711400000, 0x0000000711600000|  0%| F|  |TAMS 0x0000000711400000| PB 0x0000000711400000| Untracked |  0
|  86|0x0000000711600000, 0x0000000711600000, 0x0000000711800000|  0%| F|  |TAMS 0x0000000711600000| PB 0x0000000711600000| Untracked |  0
|  87|0x0000000711800000, 0x0000000711800000, 0x0000000711a00000|  0%| F|  |TAMS 0x0000000711800000| PB 0x0000000711800000| Untracked |  0
|  88|0x0000000711a00000, 0x0000000711a00000, 0x0000000711c00000|  0%| F|  |TAMS 0x0000000711a00000| PB 0x0000000711a00000| Untracked |  0
|  89|0x0000000711c00000, 0x0000000711c00000, 0x0000000711e00000|  0%| F|  |TAMS 0x0000000711c00000| PB 0x0000000711c00000| Untracked |  0
|  90|0x0000000711e00000, 0x0000000711e00000, 0x0000000712000000|  0%| F|  |TAMS 0x0000000711e00000| PB 0x0000000711e00000| Untracked |  0
|  91|0x0000000712000000, 0x0000000712000000, 0x0000000712200000|  0%| F|  |TAMS 0x0000000712000000| PB 0x0000000712000000| Untracked |  0
|  92|0x0000000712200000, 0x0000000712200000, 0x0000000712400000|  0%| F|  |TAMS 0x0000000712200000| PB 0x0000000712200000| Untracked |  0
|  93|0x0000000712400000, 0x0000000712400000, 0x0000000712600000|  0%| F|  |TAMS 0x0000000712400000| PB 0x0000000712400000| Untracked |  0
|  94|0x0000000712600000, 0x0000000712600000, 0x0000000712800000|  0%| F|  |TAMS 0x0000000712600000| PB 0x0000000712600000| Untracked |  0
|  95|0x0000000712800000, 0x0000000712800000, 0x0000000712a00000|  0%| F|  |TAMS 0x0000000712800000| PB 0x0000000712800000| Untracked |  0
|  96|0x0000000712a00000, 0x0000000712a00000, 0x0000000712c00000|  0%| F|  |TAMS 0x0000000712a00000| PB 0x0000000712a00000| Untracked |  0
|  97|0x0000000712c00000, 0x0000000712c00000, 0x0000000712e00000|  0%| F|  |TAMS 0x0000000712c00000| PB 0x0000000712c00000| Untracked |  0
|  98|0x0000000712e00000, 0x0000000712e00000, 0x0000000713000000|  0%| F|  |TAMS 0x0000000712e00000| PB 0x0000000712e00000| Untracked |  0
|  99|0x0000000713000000, 0x0000000713000000, 0x0000000713200000|  0%| F|  |TAMS 0x0000000713000000| PB 0x0000000713000000| Untracked |  0
| 100|0x0000000713200000, 0x0000000713200000, 0x0000000713400000|  0%| F|  |TAMS 0x0000000713200000| PB 0x0000000713200000| Untracked |  0
| 101|0x0000000713400000, 0x0000000713400000, 0x0000000713600000|  0%| F|  |TAMS 0x0000000713400000| PB 0x0000000713400000| Untracked |  0
| 102|0x0000000713600000, 0x0000000713600000, 0x0000000713800000|  0%| F|  |TAMS 0x0000000713600000| PB 0x0000000713600000| Untracked |  0
| 103|0x0000000713800000, 0x0000000713800000, 0x0000000713a00000|  0%| F|  |TAMS 0x0000000713800000| PB 0x0000000713800000| Untracked |  0
| 104|0x0000000713a00000, 0x0000000713a00000, 0x0000000713c00000|  0%| F|  |TAMS 0x0000000713a00000| PB 0x0000000713a00000| Untracked |  0
| 105|0x0000000713c00000, 0x0000000713c00000, 0x0000000713e00000|  0%| F|  |TAMS 0x0000000713c00000| PB 0x0000000713c00000| Untracked |  0
| 106|0x0000000713e00000, 0x0000000713e00000, 0x0000000714000000|  0%| F|  |TAMS 0x0000000713e00000| PB 0x0000000713e00000| Untracked |  0
| 107|0x0000000714000000, 0x0000000714000000, 0x0000000714200000|  0%| F|  |TAMS 0x0000000714000000| PB 0x0000000714000000| Untracked |  0
| 108|0x0000000714200000, 0x0000000714200000, 0x0000000714400000|  0%| F|  |TAMS 0x0000000714200000| PB 0x0000000714200000| Untracked |  0
| 109|0x0000000714400000, 0x0000000714400000, 0x0000000714600000|  0%| F|  |TAMS 0x0000000714400000| PB 0x0000000714400000| Untracked |  0
| 110|0x0000000714600000, 0x0000000714600000, 0x0000000714800000|  0%| F|  |TAMS 0x0000000714600000| PB 0x0000000714600000| Untracked |  0
| 111|0x0000000714800000, 0x0000000714800000, 0x0000000714a00000|  0%| F|  |TAMS 0x0000000714800000| PB 0x0000000714800000| Untracked |  0
| 112|0x0000000714a00000, 0x0000000714a00000, 0x0000000714c00000|  0%| F|  |TAMS 0x0000000714a00000| PB 0x0000000714a00000| Untracked |  0
| 113|0x0000000714c00000, 0x0000000714c00000, 0x0000000714e00000|  0%| F|  |TAMS 0x0000000714c00000| PB 0x0000000714c00000| Untracked |  0
| 114|0x0000000714e00000, 0x0000000714e00000, 0x0000000715000000|  0%| F|  |TAMS 0x0000000714e00000| PB 0x0000000714e00000| Untracked |  0
| 115|0x0000000715000000, 0x0000000715000000, 0x0000000715200000|  0%| F|  |TAMS 0x0000000715000000| PB 0x0000000715000000| Untracked |  0
| 116|0x0000000715200000, 0x0000000715200000, 0x0000000715400000|  0%| F|  |TAMS 0x0000000715200000| PB 0x0000000715200000| Untracked |  0
| 117|0x0000000715400000, 0x0000000715400000, 0x0000000715600000|  0%| F|  |TAMS 0x0000000715400000| PB 0x0000000715400000| Untracked |  0
| 118|0x0000000715600000, 0x0000000715600000, 0x0000000715800000|  0%| F|  |TAMS 0x0000000715600000| PB 0x0000000715600000| Untracked |  0
| 119|0x0000000715800000, 0x0000000715800000, 0x0000000715a00000|  0%| F|  |TAMS 0x0000000715800000| PB 0x0000000715800000| Untracked |  0
| 120|0x0000000715a00000, 0x0000000715a00000, 0x0000000715c00000|  0%| F|  |TAMS 0x0000000715a00000| PB 0x0000000715a00000| Untracked |  0
| 121|0x0000000715c00000, 0x0000000715c70e98, 0x0000000715e00000| 22%| E|  |TAMS 0x0000000715c00000| PB 0x0000000715c00000| Complete |  0
| 122|0x0000000715e00000, 0x0000000716000000, 0x0000000716000000|100%| E|CS|TAMS 0x0000000715e00000| PB 0x0000000715e00000| Complete |  0
| 123|0x0000000716000000, 0x0000000716200000, 0x0000000716200000|100%| E|CS|TAMS 0x0000000716000000| PB 0x0000000716000000| Complete |  0
| 124|0x0000000716200000, 0x0000000716400000, 0x0000000716400000|100%| E|CS|TAMS 0x0000000716200000| PB 0x0000000716200000| Complete |  0
|1994|0x00000007ffe00000, 0x00000007fff08750, 0x0000000800000000| 51%| O|  |TAMS 0x00000007ffe00000| PB 0x00000007ffe00000| Untracked |  0

Card table byte_map: [0x00007f479b800000,0x00007f479bfcb000] _byte_map_base: 0x00007f4797fcb000

Marking Bits: (CMBitMap*) 0x00007f47b4081960
 Bits: [0x00007f4797800000, 0x00007f479b658000)

Polling page: 0x00007f47ba9f7000

Metaspace:

Usage:
  Non-class:      2.22 MB used.
      Class:    238.05 KB used.
       Both:      2.45 MB used.

Virtual space:
  Non-class space:       64.00 MB reserved,       2.25 MB (  4%) committed,  1 nodes.
      Class space:        1.00 GB reserved,     320.00 KB ( <1%) committed,  1 nodes.
             Both:        1.06 GB reserved,       2.56 MB ( <1%) committed. 

Chunk freelists:
   Non-Class:  11.19 MB
       Class:  15.64 MB
        Both:  26.83 MB

MaxMetaspaceSize: unlimited
CompressedClassSpaceSize: 1.00 GB
Initial GC threshold: 21.00 MB
Current GC threshold: 21.00 MB
CDS: on
 - commit_granule_bytes: 65536.
 - commit_granule_words: 8192.
 - virtual_space_node_default_size: 8388608.
 - enlarge_chunks_in_place: 1.
 - use_allocation_guard: 0.


Internal statistics:

num_allocs_failed_limit: 0.
num_arena_births: 38.
num_arena_deaths: 0.
num_vsnodes_births: 2.
num_vsnodes_deaths: 0.
num_space_committed: 41.
num_space_uncommitted: 0.
num_chunks_returned_to_freelist: 0.
num_chunks_taken_from_freelist: 84.
num_chunk_merges: 0.
num_chunk_splits: 56.
num_chunks_enlarged: 41.
num_inconsistent_stats: 0.

CodeHeap 'non-profiled nmethods': size=120032Kb used=172Kb max_used=172Kb free=119859Kb
 bounds [0x00007f47a42c8000, 0x00007f47a4538000, 0x00007f47ab800000]
CodeHeap 'profiled nmethods': size=120028Kb used=758Kb max_used=758Kb free=119269Kb
 bounds [0x00007f479c800000, 0x00007f479ca70000, 0x00007f47a3d37000]
CodeHeap 'non-nmethods': size=5700Kb used=1501Kb max_used=1516Kb free=4198Kb
 bounds [0x00007f47a3d37000, 0x00007f47a3fa7000, 0x00007f47a42c8000]
 total_blobs=1077 nmethods=581 adapters=402
 compilation: enabled
              stopped_count=0, restarted_count=0
 full_count=0

Compilation events (20 events):
Event: 0.106 Thread 0x00007f47b4162f30  571       3       java.lang.ClassLoader::getClassLoadingLock (35 bytes)
Event: 0.106 Thread 0x00007f47b4162f30 nmethod 571 0x00007f479c8baf90 code [0x00007f479c8bb140, 0x00007f479c8bb428]
Event: 0.106 Thread 0x00007f47b4162f30  574       3       java.lang.CharacterDataLatin1::equalsIgnoreCase (63 bytes)
Event: 0.106 Thread 0x00007f47b4162f30 nmethod 574 0x00007f479c8bb590 code [0x00007f479c8bb740, 0x00007f479c8bba00]
Event: 0.106 Thread 0x00007f47b4162f30  573       3       java.lang.Class::forName (41 bytes)
Event: 0.106 Thread 0x00007f47b4162f30 nmethod 573 0x00007f479c8bba90 code [0x00007f479c8bbc40, 0x00007f479c8bbe38]
Event: 0.106 Thread 0x00007f47b4162f30  575       1       java.net.URL::getUserInfo (5 bytes)
Event: 0.106 Thread 0x00007f47b4162f30 nmethod 575 0x00007f47a42f2090 code [0x00007f47a42f2220, 0x00007f47a42f22e8]
Event: 0.106 Thread 0x00007f47b4162f30  576       1       java.util.jar.Attributes$Name::hashCode (5 bytes)
Event: 0.106 Thread 0x00007f47b4162f30 nmethod 576 0x00007f47a42f2390 code [0x00007f47a42f2520, 0x00007f47a42f25e0]
Event: 0.106 Thread 0x00007f47b4162f30  577       3       org.bytedeco.javacpp.ClassProperties::get (30 bytes)
Event: 0.106 Thread 0x00007f47b4162f30 nmethod 577 0x00007f479c8bbf10 code [0x00007f479c8bc100, 0x00007f479c8bc748]
Event: 0.106 Thread 0x00007f47b4162f30  578       3       java.util.LinkedHashMap::get (29 bytes)
Event: 0.106 Thread 0x00007f47b4162f30 nmethod 578 0x00007f479c8bc990 code [0x00007f479c8bcb40, 0x00007f479c8bcd88]
Event: 0.106 Thread 0x00007f47b4162f30  579       3       java.util.regex.Pattern::has (15 bytes)
Event: 0.106 Thread 0x00007f47b4162f30 nmethod 579 0x00007f479c8bce90 code [0x00007f479c8bd020, 0x00007f479c8bd180]
Event: 0.106 Thread 0x00007f47b4162f30  580       3       java.net.URI::match (56 bytes)
Event: 0.106 Thread 0x00007f47b4162f30 nmethod 580 0x00007f479c8bd210 code [0x00007f479c8bd3c0, 0x00007f479c8bd688]
Event: 0.106 Thread 0x00007f47b4162f30  581       3       sun.nio.fs.UnixPath::checkNotNul (16 bytes)
Event: 0.106 Thread 0x00007f47b4162f30 nmethod 581 0x00007f479c8bd710 code [0x00007f479c8bd8c0, 0x00007f479c8bda68]

GC Heap History (0 events):
No events

Dll operation events (11 events):
Event: 0.001 Loaded shared library /usr/lib/jvm/java-22-openjdk/lib/libjava.so
Event: 0.015 Loaded shared library /usr/lib/jvm/java-22-openjdk/lib/libjsvml.so
Event: 0.036 Loaded shared library /usr/lib/jvm/java-22-openjdk/lib/libzip.so
Event: 0.037 Loaded shared library /usr/lib/jvm/java-22-openjdk/lib/libinstrument.so
Event: 0.038 Loaded shared library /usr/lib/jvm/java-22-openjdk/lib/libnio.so
Event: 0.040 Loaded shared library /usr/lib/jvm/java-22-openjdk/lib/libzip.so
Event: 0.047 Loaded shared library /usr/lib/jvm/java-22-openjdk/lib/libnet.so
Event: 0.049 Loaded shared library /usr/lib/jvm/java-22-openjdk/lib/libextnet.so
Event: 0.066 Loaded shared library /usr/lib/jvm/java-22-openjdk/lib/libjimage.so
Event: 0.081 Loaded shared library /usr/lib/libX11.so.6.4.0
Event: 0.093 Loaded shared library /home/adam/.javacpp/cache/jaylib-5.0.0-0.jar/com/raylib/linux-x86_64/libjniRaylib.so

Deoptimization events (16 events):
Event: 0.042 Thread 0x00007f47b4018cf0 Uncommon trap: trap_request=0xfffffff4 fr.pc=0x00007f47a42d32d4 relative=0x00000000000001b4
Event: 0.042 Thread 0x00007f47b4018cf0 Uncommon trap: reason=null_check action=make_not_entrant pc=0x00007f47a42d32d4 method=java.lang.String.equals(Ljava/lang/Object;)Z @ 8 c2
Event: 0.042 Thread 0x00007f47b4018cf0 DEOPT PACKING pc=0x00007f47a42d32d4 sp=0x00007f47b91fd5a0
Event: 0.042 Thread 0x00007f47b4018cf0 DEOPT UNPACKING pc=0x00007f47a3d8e619 sp=0x00007f47b91fd558 mode 2
Event: 0.074 Thread 0x00007f47b4018cf0 Uncommon trap: trap_request=0xffffffde fr.pc=0x00007f47a42d5964 relative=0x0000000000000524
Event: 0.074 Thread 0x00007f47b4018cf0 Uncommon trap: reason=class_check action=maybe_recompile pc=0x00007f47a42d5964 method=java.util.HashMap.putVal(ILjava/lang/Object;Ljava/lang/Object;ZZ)Ljava/lang/Object; @ 253 c2
Event: 0.074 Thread 0x00007f47b4018cf0 DEOPT PACKING pc=0x00007f47a42d5964 sp=0x00007f47b91fd0a0
Event: 0.074 Thread 0x00007f47b4018cf0 DEOPT UNPACKING pc=0x00007f47a3d8e619 sp=0x00007f47b91fd060 mode 2
Event: 0.074 Thread 0x00007f47b4018cf0 Uncommon trap: trap_request=0xffffff45 fr.pc=0x00007f47a42d5f24 relative=0x0000000000000ae4
Event: 0.074 Thread 0x00007f47b4018cf0 Uncommon trap: reason=unstable_if action=reinterpret pc=0x00007f47a42d5f24 method=java.util.HashMap.putVal(ILjava/lang/Object;Ljava/lang/Object;ZZ)Ljava/lang/Object; @ 181 c2
Event: 0.074 Thread 0x00007f47b4018cf0 DEOPT PACKING pc=0x00007f47a42d5f24 sp=0x00007f47b91fd0a0
Event: 0.074 Thread 0x00007f47b4018cf0 DEOPT UNPACKING pc=0x00007f47a3d8e619 sp=0x00007f47b91fd060 mode 2
Event: 0.099 Thread 0x00007f47b4018cf0 DEOPT PACKING pc=0x00007f479c8307d0 sp=0x00007f47b91fc140
Event: 0.100 Thread 0x00007f47b4018cf0 DEOPT UNPACKING pc=0x00007f47a3d8f14f sp=0x00007f47b91fb580 mode 0
Event: 0.103 Thread 0x00007f47b4018cf0 DEOPT PACKING pc=0x00007f479c8219c9 sp=0x00007f47b91fc220
Event: 0.103 Thread 0x00007f47b4018cf0 DEOPT UNPACKING pc=0x00007f47a3d8f14f sp=0x00007f47b91fb6a8 mode 0

Classes loaded (20 events):
Event: 0.097 Loading class java/lang/ProcessEnvironment
Event: 0.097 Loading class java/lang/ProcessEnvironment done
Event: 0.097 Loading class java/lang/ProcessEnvironment$Variable
Event: 0.097 Loading class java/lang/ProcessEnvironment$ExternalData
Event: 0.097 Loading class java/lang/ProcessEnvironment$ExternalData done
Event: 0.097 Loading class java/lang/ProcessEnvironment$Variable done
Event: 0.097 Loading class java/lang/ProcessImpl
Event: 0.098 Loading class java/lang/Process
Event: 0.098 Loading class java/lang/Process done
Event: 0.098 Loading class java/lang/ProcessImpl done
Event: 0.098 Loading class java/lang/ProcessImpl$LaunchMechanism
Event: 0.098 Loading class java/lang/ProcessImpl$LaunchMechanism done
Event: 0.098 Loading class java/lang/ProcessEnvironment$Value
Event: 0.098 Loading class java/lang/ProcessEnvironment$Value done
Event: 0.098 Loading class java/lang/ProcessEnvironment$StringEnvironment
Event: 0.098 Loading class java/lang/ProcessEnvironment$StringEnvironment done
Event: 0.098 Loading class jdk/internal/foreign/MemorySessionImpl
Event: 0.098 Loading class java/lang/foreign/MemorySegment$Scope
Event: 0.098 Loading class java/lang/foreign/MemorySegment$Scope done
Event: 0.098 Loading class jdk/internal/foreign/MemorySessionImpl done

Classes unloaded (0 events):
No events

Classes redefined (0 events):
No events

Internal exceptions (10 events):
Event: 0.042 Thread 0x00007f47b4018cf0 Implicit null exception at 0x00007f47a42d3163 to 0x00007f47a42d32c4
Event: 0.042 Thread 0x00007f47b4018cf0 Exception <a 'java/lang/NoSuchMethodError'{0x000000071600d768}: 'void java.lang.invoke.DirectMethodHandle$Holder.invokeStatic(java.lang.Object, java.lang.Object, java.lang.Object)'> (0x000000071600d768) 
thrown [/usr/src/debug/java-openjdk/jdk22u-jdk-22.0.1-0/src/hotspot/share/interpreter/linkResolver.cpp, line 773]
Event: 0.044 Thread 0x00007f47b4018cf0 Exception <a 'java/lang/NoSuchMethodError'{0x0000000716025090}: 'java.lang.Object java.lang.invoke.Invokers$Holder.invokeExact_MT(java.lang.Object, java.lang.Object, java.lang.Object, java.lang.Object, java.lang.Object)'> (0x0000000716025090) 
thrown [/usr/src/debug/java-openjdk/jdk22u-jdk-22.0.1-0/src/hotspot/share/interpreter/linkResolver.cpp, line 773]
Event: 0.050 Thread 0x00007f47b425b2f0 Exception <a 'java/lang/NoSuchMethodError'{0x000000071607fa78}: 'void java.lang.invoke.DirectMethodHandle$Holder.invokeStatic(java.lang.Object, java.lang.Object)'> (0x000000071607fa78) 
thrown [/usr/src/debug/java-openjdk/jdk22u-jdk-22.0.1-0/src/hotspot/share/interpreter/linkResolver.cpp, line 773]
Event: 0.060 Thread 0x00007f47b4018cf0 Exception <a 'java/lang/NoSuchMethodError'{0x000000071614e7f0}: 'int java.lang.invoke.DirectMethodHandle$Holder.invokeStaticInit(java.lang.Object, java.lang.Object, java.lang.Object, java.lang.Object)'> (0x000000071614e7f0) 
thrown [/usr/src/debug/java-openjdk/jdk22u-jdk-22.0.1-0/src/hotspot/share/interpreter/linkResolver.cpp, line 773]
Event: 0.062 Thread 0x00007f47b4018cf0 Exception <a 'java/lang/NoSuchMethodError'{0x0000000716157680}: 'java.lang.Object java.lang.invoke.DirectMethodHandle$Holder.invokeInterface(java.lang.Object, java.lang.Object)'> (0x0000000716157680) 
thrown [/usr/src/debug/java-openjdk/jdk22u-jdk-22.0.1-0/src/hotspot/share/interpreter/linkResolver.cpp, line 773]
Event: 0.062 Thread 0x00007f47b4018cf0 Exception <a 'java/lang/IncompatibleClassChangeError'{0x000000071615a8f8}: Found class java.lang.Object, but interface was expected> (0x000000071615a8f8) 
thrown [/usr/src/debug/java-openjdk/jdk22u-jdk-22.0.1-0/src/hotspot/share/interpreter/linkResolver.cpp, line 841]
Event: 0.063 Thread 0x00007f47b4018cf0 Exception <a 'java/lang/NoSuchMethodError'{0x000000071615d490}: 'void java.lang.invoke.DirectMethodHandle$Holder.invokeStaticInit(java.lang.Object, java.lang.Object)'> (0x000000071615d490) 
thrown [/usr/src/debug/java-openjdk/jdk22u-jdk-22.0.1-0/src/hotspot/share/interpreter/linkResolver.cpp, line 773]
Event: 0.063 Thread 0x00007f47b4018cf0 Exception <a 'java/lang/NoSuchMethodError'{0x00000007161629c0}: 'int java.lang.invoke.DirectMethodHandle$Holder.invokeStaticInit(java.lang.Object, java.lang.Object)'> (0x00000007161629c0) 
thrown [/usr/src/debug/java-openjdk/jdk22u-jdk-22.0.1-0/src/hotspot/share/interpreter/linkResolver.cpp, line 773]
Event: 0.091 Thread 0x00007f47b4018cf0 Exception <a 'java/lang/NoSuchMethodError'{0x0000000715ebebb8}: 'java.lang.Object java.lang.invoke.DirectMethodHandle$Holder.invokeStatic(java.lang.Object, int, java.lang.Object)'> (0x0000000715ebebb8) 
thrown [/usr/src/debug/java-openjdk/jdk22u-jdk-22.0.1-0/src/hotspot/share/interpreter/linkResolver.cpp, line 773]

ZGC Phase Switch (0 events):
No events

VM Operations (0 events):
No events

Events (20 events):
Event: 0.014 Thread 0x00007f47b415b5f0 Thread added: 0x00007f47b415b5f0
Event: 0.014 Protecting memory [0x00007f4794b00000,0x00007f4794b04000] with protection modes 0
Event: 0.014 Thread 0x00007f47b415d0e0 Thread added: 0x00007f47b415d0e0
Event: 0.014 Protecting memory [0x00007f47949ff000,0x00007f4794a03000] with protection modes 0
Event: 0.014 Thread 0x00007f47b415e730 Thread added: 0x00007f47b415e730
Event: 0.014 Protecting memory [0x00007f47948fe000,0x00007f4794902000] with protection modes 0
Event: 0.014 Thread 0x00007f47b415fce0 Thread added: 0x00007f47b415fce0
Event: 0.014 Protecting memory [0x00007f47947fd000,0x00007f4794801000] with protection modes 0
Event: 0.014 Thread 0x00007f47b4161810 Thread added: 0x00007f47b4161810
Event: 0.014 Protecting memory [0x00007f47946fc000,0x00007f4794700000] with protection modes 0
Event: 0.016 Thread 0x00007f47b4162f30 Thread added: 0x00007f47b4162f30
Event: 0.018 Protecting memory [0x00007f479452a000,0x00007f479452e000] with protection modes 0
Event: 0.026 Thread 0x00007f47b41b5680 Thread added: 0x00007f47b41b5680
Event: 0.026 Protecting memory [0x00007f4794429000,0x00007f479442d000] with protection modes 0
Event: 0.046 Thread 0x00007f47b425b2f0 Thread added: 0x00007f47b425b2f0
Event: 0.046 Protecting memory [0x00007f4794328000,0x00007f479432c000] with protection modes 0
Event: 0.046 Thread 0x00007f47b425d610 Thread added: 0x00007f47b425d610
Event: 0.047 Protecting memory [0x00007f4794227000,0x00007f479422b000] with protection modes 0
Event: 0.096 Thread 0x00007f47b42f27d0 Thread added: 0x00007f47b42f27d0
Event: 0.096 Protecting memory [0x00007f478fb00000,0x00007f478fb04000] with protection modes 0


Dynamic libraries:
706a00000-716400000 rw-p 00000000 00:00 0 
716400000-7ffe00000 ---p 00000000 00:00 0 
7ffe00000-7fff09000 rw-p 00cb6000 00:19 1466728                          /usr/lib/jvm/java-22-openjdk/lib/server/classes.jsa
7fff09000-800000000 rw-p 00000000 00:00 0 
58a65b88c000-58a65b88d000 r--p 00000000 00:19 1466453                    /usr/lib/jvm/java-22-openjdk/bin/java
58a65b88d000-58a65b88e000 r-xp 00001000 00:19 1466453                    /usr/lib/jvm/java-22-openjdk/bin/java
58a65b88e000-58a65b88f000 r--p 00002000 00:19 1466453                    /usr/lib/jvm/java-22-openjdk/bin/java
58a65b88f000-58a65b890000 r--p 00002000 00:19 1466453                    /usr/lib/jvm/java-22-openjdk/bin/java
58a65b890000-58a65b891000 rw-p 00003000 00:19 1466453                    /usr/lib/jvm/java-22-openjdk/bin/java
58a69a0a2000-58a69a0ea000 rw-p 00000000 00:00 0                          [heap]
7f46e4000000-7f46e4021000 rw-p 00000000 00:00 0 
7f46e4021000-7f46e8000000 ---p 00000000 00:00 0 
7f46e8000000-7f46e8021000 rw-p 00000000 00:00 0 
7f46e8021000-7f46ec000000 ---p 00000000 00:00 0 
7f46f0000000-7f46f0021000 rw-p 00000000 00:00 0 
7f46f0021000-7f46f4000000 ---p 00000000 00:00 0 
7f46f4000000-7f46f4021000 rw-p 00000000 00:00 0 
7f46f4021000-7f46f8000000 ---p 00000000 00:00 0 
7f46fc000000-7f46fc08b000 rw-p 00000000 00:00 0 
7f46fc08b000-7f4700000000 ---p 00000000 00:00 0 
7f4700000000-7f47001d5000 rw-p 00000000 00:00 0 
7f47001d5000-7f4704000000 ---p 00000000 00:00 0 
7f4708000000-7f4708021000 rw-p 00000000 00:00 0 
7f4708021000-7f470c000000 ---p 00000000 00:00 0 
7f470c000000-7f470c021000 rw-p 00000000 00:00 0 
7f470c021000-7f4710000000 ---p 00000000 00:00 0 
7f4714000000-7f4714021000 rw-p 00000000 00:00 0 
7f4714021000-7f4718000000 ---p 00000000 00:00 0 
7f4718000000-7f4718021000 rw-p 00000000 00:00 0 
7f4718021000-7f471c000000 ---p 00000000 00:00 0 
7f4720000000-7f4720021000 rw-p 00000000 00:00 0 
7f4720021000-7f4724000000 ---p 00000000 00:00 0 
7f4724000000-7f4724021000 rw-p 00000000 00:00 0 
7f4724021000-7f4728000000 ---p 00000000 00:00 0 
7f472c000000-7f472c170000 rw-p 00000000 00:00 0 
7f472c170000-7f472c400000 ---p 00000000 00:00 0 
7f472c400000-7f472c4d0000 rw-p 00000000 00:00 0 
7f472c4d0000-7f4730000000 ---p 00000000 00:00 0 
7f4730000000-7f4730021000 rw-p 00000000 00:00 0 
7f4730021000-7f4734000000 ---p 00000000 00:00 0 
7f4736000000-7f4736c77000 rw-p 00001000 00:19 1466728                    /usr/lib/jvm/java-22-openjdk/lib/server/classes.jsa
7f4736c77000-7f4737000000 ---p 00000000 00:00 0 
7f4737000000-7f4737020000 rw-p 00000000 00:00 0 
7f4737020000-7f4737040000 ---p 00000000 00:00 0 
7f4737040000-7f4737070000 rw-p 00000000 00:00 0 
7f4737070000-7f4777000000 ---p 00000000 00:00 0 
7f4778000000-7f4778021000 rw-p 00000000 00:00 0 
7f4778021000-7f477c000000 ---p 00000000 00:00 0 
7f477c000000-7f477c021000 rw-p 00000000 00:00 0 
7f477c021000-7f4780000000 ---p 00000000 00:00 0 
7f4784000000-7f4784021000 rw-p 00000000 00:00 0 
7f4784021000-7f4788000000 ---p 00000000 00:00 0 
7f4788000000-7f4788021000 rw-p 00000000 00:00 0 
7f4788021000-7f478c000000 ---p 00000000 00:00 0 
7f478faff000-7f478fb00000 ---p 00000000 00:00 0 
7f478fb00000-7f478fb04000 ---p 00000000 00:00 0 
7f478fb04000-7f478fc00000 rw-p 00000000 00:00 0 
7f478fc00000-7f478fc6d000 r--p 00000000 00:19 1510030                    /home/adam/.javacpp/cache/jaylib-5.0.0-0.jar/com/raylib/linux-x86_64/libjniRaylib.so
7f478fc6d000-7f478fec0000 r-xp 0006d000 00:19 1510030                    /home/adam/.javacpp/cache/jaylib-5.0.0-0.jar/com/raylib/linux-x86_64/libjniRaylib.so
7f478fec0000-7f478ff58000 r--p 002c0000 00:19 1510030                    /home/adam/.javacpp/cache/jaylib-5.0.0-0.jar/com/raylib/linux-x86_64/libjniRaylib.so
7f478ff58000-7f478ff59000 ---p 00358000 00:19 1510030                    /home/adam/.javacpp/cache/jaylib-5.0.0-0.jar/com/raylib/linux-x86_64/libjniRaylib.so
7f478ff59000-7f478ff5a000 r--p 00358000 00:19 1510030                    /home/adam/.javacpp/cache/jaylib-5.0.0-0.jar/com/raylib/linux-x86_64/libjniRaylib.so
7f478ff5a000-7f478ff64000 rw-p 00359000 00:19 1510030                    /home/adam/.javacpp/cache/jaylib-5.0.0-0.jar/com/raylib/linux-x86_64/libjniRaylib.so
7f478ff64000-7f478ff9d000 rw-p 00000000 00:00 0 
7f4790000000-7f4790021000 rw-p 00000000 00:00 0 
7f4790021000-7f4794000000 ---p 00000000 00:00 0 
7f47940ab000-7f47940e8000 rw-p 00000000 00:00 0 
7f47940e8000-7f47940ff000 r--p 00000000 00:19 333065                     /usr/lib/libX11.so.6.4.0
7f47940ff000-7f479418a000 r-xp 00017000 00:19 333065                     /usr/lib/libX11.so.6.4.0
7f479418a000-7f479421f000 r--p 000a2000 00:19 333065                     /usr/lib/libX11.so.6.4.0
7f479421f000-7f4794222000 r--p 00136000 00:19 333065                     /usr/lib/libX11.so.6.4.0
7f4794222000-7f4794226000 rw-p 00139000 00:19 333065                     /usr/lib/libX11.so.6.4.0
7f4794226000-7f4794227000 ---p 00000000 00:00 0 
7f4794227000-7f479422b000 ---p 00000000 00:00 0 
7f479422b000-7f4794327000 rw-p 00000000 00:00 0 
7f4794327000-7f4794328000 ---p 00000000 00:00 0 
7f4794328000-7f479432c000 ---p 00000000 00:00 0 
7f479432c000-7f4794428000 rw-p 00000000 00:00 0 
7f4794428000-7f4794429000 ---p 00000000 00:00 0 
7f4794429000-7f479442d000 ---p 00000000 00:00 0 
7f479442d000-7f4794529000 rw-p 00000000 00:00 0 
7f4794529000-7f479452a000 ---p 00000000 00:00 0 
7f479452a000-7f479452e000 ---p 00000000 00:00 0 
7f479452e000-7f479462a000 rw-p 00000000 00:00 0 
7f479462a000-7f479462f000 r--p 00000000 00:19 1466701                    /usr/lib/jvm/java-22-openjdk/lib/libjsvml.so
7f479462f000-7f4794670000 r-xp 00005000 00:19 1466701                    /usr/lib/jvm/java-22-openjdk/lib/libjsvml.so
7f4794670000-7f47946f9000 r--p 00046000 00:19 1466701                    /usr/lib/jvm/java-22-openjdk/lib/libjsvml.so
7f47946f9000-7f47946fa000 r--p 000ce000 00:19 1466701                    /usr/lib/jvm/java-22-openjdk/lib/libjsvml.so
7f47946fa000-7f47946fb000 rw-p 000cf000 00:19 1466701                    /usr/lib/jvm/java-22-openjdk/lib/libjsvml.so
7f47946fb000-7f47946fc000 ---p 00000000 00:00 0 
7f47946fc000-7f4794700000 ---p 00000000 00:00 0 
7f4794700000-7f47947fc000 rw-p 00000000 00:00 0 
7f47947fc000-7f47947fd000 ---p 00000000 00:00 0 
7f47947fd000-7f4794801000 ---p 00000000 00:00 0 
7f4794801000-7f47948fd000 rw-p 00000000 00:00 0 
7f47948fd000-7f47948fe000 ---p 00000000 00:00 0 
7f47948fe000-7f4794902000 ---p 00000000 00:00 0 
7f4794902000-7f47949fe000 rw-p 00000000 00:00 0 
7f47949fe000-7f47949ff000 ---p 00000000 00:00 0 
7f47949ff000-7f4794a03000 ---p 00000000 00:00 0 
7f4794a03000-7f4794aff000 rw-p 00000000 00:00 0 
7f4794aff000-7f4794b00000 ---p 00000000 00:00 0 
7f4794b00000-7f4794b04000 ---p 00000000 00:00 0 
7f4794b04000-7f4794c00000 rw-p 00000000 00:00 0 
7f4794c00000-7f4794eeb000 r--p 00000000 00:19 555789                     /usr/lib/locale/locale-archive
7f4794ef5000-7f4794ef6000 ---p 00000000 00:00 0 
7f4794ef6000-7f4794efa000 ---p 00000000 00:00 0 
7f4794efa000-7f4794ff6000 rw-p 00000000 00:00 0 
7f4794ff6000-7f4794ff7000 ---p 00000000 00:00 0 
7f4794ff7000-7f47950f7000 rw-p 00000000 00:00 0 
7f47950f7000-7f47952fb000 rw-p 00000000 00:00 0 
7f47952fb000-7f47952fc000 ---p 00000000 00:00 0 
7f47952fc000-7f47953fc000 rw-p 00000000 00:00 0 
7f47953fc000-7f47953fd000 ---p 00000000 00:00 0 
7f47953fd000-7f47954fd000 rw-p 00000000 00:00 0 
7f47954fd000-7f47954fe000 ---p 00000000 00:00 0 
7f47954fe000-7f47955fe000 rw-p 00000000 00:00 0 
7f47955fe000-7f4797be8000 rw-p 00000000 00:00 0 
7f4797be8000-7f479b650000 ---p 00000000 00:00 0 
7f479b650000-7f479b658000 rw-p 00000000 00:00 0 
7f479b67e000-7f479b87d000 rw-p 00000000 00:00 0 
7f479b87d000-7f479bfca000 ---p 00000000 00:00 0 
7f479bfca000-7f479bfcb000 rw-p 00000000 00:00 0 
7f479c000000-7f479c07d000 rw-p 00000000 00:00 0 
7f479c07d000-7f479c7ca000 ---p 00000000 00:00 0 
7f479c7ca000-7f479c7cb000 rw-p 00000000 00:00 0 
7f479c800000-7f479ca70000 rwxp 00000000 00:00 0 
7f479ca70000-7f47a3d37000 ---p 00000000 00:00 0 
7f47a3d37000-7f47a3fa7000 rwxp 00000000 00:00 0 
7f47a3fa7000-7f47a42c8000 ---p 00000000 00:00 0 
7f47a42c8000-7f47a4538000 rwxp 00000000 00:00 0 
7f47a4538000-7f47ab800000 ---p 00000000 00:00 0 
7f47ab800000-7f47b3ea0000 r--s 00000000 00:19 1466719                    /usr/lib/jvm/java-22-openjdk/lib/modules
7f47b3ed4000-7f47b3ee0000 r--p 00000000 00:19 472773                     /usr/lib/libxcb.so.1.1.0
7f47b3ee0000-7f47b3ef4000 r-xp 0000c000 00:19 472773                     /usr/lib/libxcb.so.1.1.0
7f47b3ef4000-7f47b3efd000 r--p 00020000 00:19 472773                     /usr/lib/libxcb.so.1.1.0
7f47b3efd000-7f47b3efe000 r--p 00028000 00:19 472773                     /usr/lib/libxcb.so.1.1.0
7f47b3efe000-7f47b3eff000 rw-p 00029000 00:19 472773                     /usr/lib/libxcb.so.1.1.0
7f47b3eff000-7f47b439d000 rw-p 00000000 00:00 0 
7f47b439d000-7f47b8000000 ---p 00000000 00:00 0 
7f47b8019000-7f47b801a000 r--p 00000000 00:19 555103                     /usr/lib/libpthread.so.0
7f47b801a000-7f47b801b000 r-xp 00001000 00:19 555103                     /usr/lib/libpthread.so.0
7f47b801b000-7f47b801c000 r--p 00002000 00:19 555103                     /usr/lib/libpthread.so.0
7f47b801c000-7f47b801d000 r--p 00002000 00:19 555103                     /usr/lib/libpthread.so.0
7f47b801d000-7f47b801e000 rw-p 00003000 00:19 555103                     /usr/lib/libpthread.so.0
7f47b803c000-7f47b8043000 r--s 00000000 00:19 555792                     /usr/lib/gconv/gconv-modules.cache
7f47b8043000-7f47b82a0000 rw-p 00000000 00:00 0 
7f47b82a0000-7f47b82a1000 ---p 00000000 00:00 0 
7f47b82a1000-7f47b83a1000 rw-p 00000000 00:00 0 
7f47b83a1000-7f47b83a2000 ---p 00000000 00:00 0 
7f47b83a2000-7f47b84a2000 rw-p 00000000 00:00 0 
7f47b84a2000-7f47b84a3000 ---p 00000000 00:00 0 
7f47b84a3000-7f47b85a3000 rw-p 00000000 00:00 0 
7f47b85a3000-7f47b8c2f000 rw-p 00000000 00:00 0 
7f47b8c2f000-7f47b8d15000 ---p 00000000 00:00 0 
7f47b8d15000-7f47b8d1a000 rw-p 00000000 00:00 0 
7f47b8d1a000-7f47b8e00000 ---p 00000000 00:00 0 
7f47b8e00000-7f47b8e97000 r--p 00000000 00:19 555832                     /usr/lib/libstdc++.so.6.0.33
7f47b8e97000-7f47b8fe3000 r-xp 00097000 00:19 555832                     /usr/lib/libstdc++.so.6.0.33
7f47b8fe3000-7f47b9073000 r--p 001e3000 00:19 555832                     /usr/lib/libstdc++.so.6.0.33
7f47b9073000-7f47b9080000 r--p 00273000 00:19 555832                     /usr/lib/libstdc++.so.6.0.33
7f47b9080000-7f47b9081000 rw-p 00280000 00:19 555832                     /usr/lib/libstdc++.so.6.0.33
7f47b9081000-7f47b9085000 rw-p 00000000 00:00 0 
7f47b9088000-7f47b908a000 r--p 00000000 00:19 219460                     /usr/lib/libXdmcp.so.6.0.0
7f47b908a000-7f47b908c000 r-xp 00002000 00:19 219460                     /usr/lib/libXdmcp.so.6.0.0
7f47b908c000-7f47b908e000 r--p 00004000 00:19 219460                     /usr/lib/libXdmcp.so.6.0.0
7f47b908e000-7f47b908f000 r--p 00005000 00:19 219460                     /usr/lib/libXdmcp.so.6.0.0
7f47b908f000-7f47b9090000 rw-p 00006000 00:19 219460                     /usr/lib/libXdmcp.so.6.0.0
7f47b9090000-7f47b9093000 r--p 00000000 00:19 1466708                    /usr/lib/jvm/java-22-openjdk/lib/libnet.so
7f47b9093000-7f47b909a000 r-xp 00003000 00:19 1466708                    /usr/lib/jvm/java-22-openjdk/lib/libnet.so
7f47b909a000-7f47b909c000 r--p 0000a000 00:19 1466708                    /usr/lib/jvm/java-22-openjdk/lib/libnet.so
7f47b909c000-7f47b909d000 r--p 0000b000 00:19 1466708                    /usr/lib/jvm/java-22-openjdk/lib/libnet.so
7f47b909d000-7f47b909e000 rw-p 0000c000 00:19 1466708                    /usr/lib/jvm/java-22-openjdk/lib/libnet.so
7f47b909e000-7f47b90a5000 r--p 00000000 00:19 1466709                    /usr/lib/jvm/java-22-openjdk/lib/libnio.so
7f47b90a5000-7f47b90ae000 r-xp 00007000 00:19 1466709                    /usr/lib/jvm/java-22-openjdk/lib/libnio.so
7f47b90ae000-7f47b90b3000 r--p 00010000 00:19 1466709                    /usr/lib/jvm/java-22-openjdk/lib/libnio.so
7f47b90b3000-7f47b90b4000 r--p 00014000 00:19 1466709                    /usr/lib/jvm/java-22-openjdk/lib/libnio.so
7f47b90b4000-7f47b90b5000 rw-p 00015000 00:19 1466709                    /usr/lib/jvm/java-22-openjdk/lib/libnio.so
7f47b90b5000-7f47b90b7000 r--p 00000000 00:19 1466718                    /usr/lib/jvm/java-22-openjdk/lib/libzip.so
7f47b90b7000-7f47b90bb000 r-xp 00002000 00:19 1466718                    /usr/lib/jvm/java-22-openjdk/lib/libzip.so
7f47b90bb000-7f47b90bd000 r--p 00006000 00:19 1466718                    /usr/lib/jvm/java-22-openjdk/lib/libzip.so
7f47b90bd000-7f47b90be000 r--p 00007000 00:19 1466718                    /usr/lib/jvm/java-22-openjdk/lib/libzip.so
7f47b90be000-7f47b90bf000 rw-p 00008000 00:19 1466718                    /usr/lib/jvm/java-22-openjdk/lib/libzip.so
7f47b90bf000-7f47b9100000 rw-p 00000000 00:00 0 
7f47b9100000-7f47b9104000 ---p 00000000 00:00 0 
7f47b9104000-7f47b9200000 rw-p 00000000 00:00 0 
7f47b9200000-7f47b920e000 r--p 00000000 00:19 1466731                    /usr/lib/jvm/java-22-openjdk/lib/server/libjvm.so
7f47b920e000-7f47ba324000 r-xp 0000e000 00:19 1466731                    /usr/lib/jvm/java-22-openjdk/lib/server/libjvm.so
7f47ba324000-7f47ba51f000 r--p 01124000 00:19 1466731                    /usr/lib/jvm/java-22-openjdk/lib/server/libjvm.so
7f47ba51f000-7f47ba5ea000 r--p 0131f000 00:19 1466731                    /usr/lib/jvm/java-22-openjdk/lib/server/libjvm.so
7f47ba5ea000-7f47ba614000 rw-p 013ea000 00:19 1466731                    /usr/lib/jvm/java-22-openjdk/lib/server/libjvm.so
7f47ba614000-7f47ba68a000 rw-p 00000000 00:00 0 
7f47ba68b000-7f47ba68c000 r--p 00000000 00:19 55647                      /usr/lib/libXau.so.6.0.0
7f47ba68c000-7f47ba68d000 r-xp 00001000 00:19 55647                      /usr/lib/libXau.so.6.0.0
7f47ba68d000-7f47ba68e000 r--p 00002000 00:19 55647                      /usr/lib/libXau.so.6.0.0
7f47ba68e000-7f47ba68f000 r--p 00002000 00:19 55647                      /usr/lib/libXau.so.6.0.0
7f47ba68f000-7f47ba690000 rw-p 00003000 00:19 55647                      /usr/lib/libXau.so.6.0.0
7f47ba690000-7f47ba695000 rw-p 00000000 00:00 0 
7f47ba695000-7f47ba69c000 ---p 00000000 00:00 0 
7f47ba69c000-7f47ba6a6000 r--p 00000000 00:19 1466693                    /usr/lib/jvm/java-22-openjdk/lib/libjava.so
7f47ba6a6000-7f47ba6b3000 r-xp 0000a000 00:19 1466693                    /usr/lib/jvm/java-22-openjdk/lib/libjava.so
7f47ba6b3000-7f47ba6b8000 r--p 00017000 00:19 1466693                    /usr/lib/jvm/java-22-openjdk/lib/libjava.so
7f47ba6b8000-7f47ba6b9000 r--p 0001b000 00:19 1466693                    /usr/lib/jvm/java-22-openjdk/lib/libjava.so
7f47ba6b9000-7f47ba6ba000 rw-p 0001c000 00:19 1466693                    /usr/lib/jvm/java-22-openjdk/lib/libjava.so
7f47ba6ba000-7f47ba6bb000 rw-p 00000000 00:00 0 
7f47ba6bb000-7f47ba6bf000 r--p 00000000 00:19 555802                     /usr/lib/libgcc_s.so.1
7f47ba6bf000-7f47ba6e2000 r-xp 00004000 00:19 555802                     /usr/lib/libgcc_s.so.1
7f47ba6e2000-7f47ba6e6000 r--p 00027000 00:19 555802                     /usr/lib/libgcc_s.so.1
7f47ba6e6000-7f47ba6e7000 r--p 0002a000 00:19 555802                     /usr/lib/libgcc_s.so.1
7f47ba6e7000-7f47ba6e8000 rw-p 0002b000 00:19 555802                     /usr/lib/libgcc_s.so.1
7f47ba6e8000-7f47ba6f6000 r--p 00000000 00:19 555086                     /usr/lib/libm.so.6
7f47ba6f6000-7f47ba776000 r-xp 0000e000 00:19 555086                     /usr/lib/libm.so.6
7f47ba776000-7f47ba7d1000 r--p 0008e000 00:19 555086                     /usr/lib/libm.so.6
7f47ba7d1000-7f47ba7d2000 r--p 000e9000 00:19 555086                     /usr/lib/libm.so.6
7f47ba7d2000-7f47ba7d3000 rw-p 000ea000 00:19 555086                     /usr/lib/libm.so.6
7f47ba7d3000-7f47ba7d6000 rw-p 00000000 00:00 0 
7f47ba7d6000-7f47ba7d9000 r--p 00000000 00:19 562793                     /usr/lib/libz.so.1.3.1
7f47ba7d9000-7f47ba7e7000 r-xp 00003000 00:19 562793                     /usr/lib/libz.so.1.3.1
7f47ba7e7000-7f47ba7ed000 r--p 00011000 00:19 562793                     /usr/lib/libz.so.1.3.1
7f47ba7ed000-7f47ba7ee000 r--p 00017000 00:19 562793                     /usr/lib/libz.so.1.3.1
7f47ba7ee000-7f47ba7ef000 rw-p 00018000 00:19 562793                     /usr/lib/libz.so.1.3.1
7f47ba7ef000-7f47ba813000 r--p 00000000 00:19 555076                     /usr/lib/libc.so.6
7f47ba813000-7f47ba97f000 r-xp 00024000 00:19 555076                     /usr/lib/libc.so.6
7f47ba97f000-7f47ba9cd000 r--p 00190000 00:19 555076                     /usr/lib/libc.so.6
7f47ba9cd000-7f47ba9d1000 r--p 001dd000 00:19 555076                     /usr/lib/libc.so.6
7f47ba9d1000-7f47ba9d3000 rw-p 001e1000 00:19 555076                     /usr/lib/libc.so.6
7f47ba9d3000-7f47ba9db000 rw-p 00000000 00:00 0 
7f47ba9dc000-7f47ba9dd000 r--p 00000000 00:19 1466686                    /usr/lib/jvm/java-22-openjdk/lib/libextnet.so
7f47ba9dd000-7f47ba9de000 r-xp 00001000 00:19 1466686                    /usr/lib/jvm/java-22-openjdk/lib/libextnet.so
7f47ba9de000-7f47ba9df000 r--p 00002000 00:19 1466686                    /usr/lib/jvm/java-22-openjdk/lib/libextnet.so
7f47ba9df000-7f47ba9e0000 r--p 00002000 00:19 1466686                    /usr/lib/jvm/java-22-openjdk/lib/libextnet.so
7f47ba9e0000-7f47ba9e1000 rw-p 00003000 00:19 1466686                    /usr/lib/jvm/java-22-openjdk/lib/libextnet.so
7f47ba9e1000-7f47ba9e9000 rw-s 00000000 00:29 1884                       /tmp/hsperfdata_adam/38078
7f47ba9e9000-7f47ba9eb000 r--p 00000000 00:19 1466688                    /usr/lib/jvm/java-22-openjdk/lib/libinstrument.so
7f47ba9eb000-7f47ba9f2000 r-xp 00002000 00:19 1466688                    /usr/lib/jvm/java-22-openjdk/lib/libinstrument.so
7f47ba9f2000-7f47ba9f5000 r--p 00009000 00:19 1466688                    /usr/lib/jvm/java-22-openjdk/lib/libinstrument.so
7f47ba9f5000-7f47ba9f6000 r--p 0000b000 00:19 1466688                    /usr/lib/jvm/java-22-openjdk/lib/libinstrument.so
7f47ba9f6000-7f47ba9f7000 rw-p 0000c000 00:19 1466688                    /usr/lib/jvm/java-22-openjdk/lib/libinstrument.so
7f47ba9f7000-7f47ba9f8000 ---p 00000000 00:00 0 
7f47ba9f8000-7f47ba9f9000 r--p 00000000 00:00 0 
7f47ba9f9000-7f47ba9fa000 ---p 00000000 00:00 0 
7f47ba9fa000-7f47ba9fb000 r--p 00000000 00:19 1466697                    /usr/lib/jvm/java-22-openjdk/lib/libjimage.so
7f47ba9fb000-7f47ba9fd000 r-xp 00001000 00:19 1466697                    /usr/lib/jvm/java-22-openjdk/lib/libjimage.so
7f47ba9fd000-7f47ba9fe000 r--p 00003000 00:19 1466697                    /usr/lib/jvm/java-22-openjdk/lib/libjimage.so
7f47ba9fe000-7f47ba9ff000 r--p 00003000 00:19 1466697                    /usr/lib/jvm/java-22-openjdk/lib/libjimage.so
7f47ba9ff000-7f47baa00000 rw-p 00004000 00:19 1466697                    /usr/lib/jvm/java-22-openjdk/lib/libjimage.so
7f47baa00000-7f47baa02000 r--p 00000000 00:19 1466698                    /usr/lib/jvm/java-22-openjdk/lib/libjli.so
7f47baa02000-7f47baa0b000 r-xp 00002000 00:19 1466698                    /usr/lib/jvm/java-22-openjdk/lib/libjli.so
7f47baa0b000-7f47baa0e000 r--p 0000b000 00:19 1466698                    /usr/lib/jvm/java-22-openjdk/lib/libjli.so
7f47baa0e000-7f47baa0f000 r--p 0000d000 00:19 1466698                    /usr/lib/jvm/java-22-openjdk/lib/libjli.so
7f47baa0f000-7f47baa10000 rw-p 0000e000 00:19 1466698                    /usr/lib/jvm/java-22-openjdk/lib/libjli.so
7f47baa10000-7f47baa12000 rw-p 00000000 00:00 0 
7f47baa12000-7f47baa16000 r--p 00000000 00:00 0                          [vvar]
7f47baa16000-7f47baa18000 r-xp 00000000 00:00 0                          [vdso]
7f47baa18000-7f47baa19000 r--p 00000000 00:19 555067                     /usr/lib/ld-linux-x86-64.so.2
7f47baa19000-7f47baa40000 r-xp 00001000 00:19 555067                     /usr/lib/ld-linux-x86-64.so.2
7f47baa40000-7f47baa4a000 r--p 00028000 00:19 555067                     /usr/lib/ld-linux-x86-64.so.2
7f47baa4a000-7f47baa4c000 r--p 00032000 00:19 555067                     /usr/lib/ld-linux-x86-64.so.2
7f47baa4c000-7f47baa4e000 rw-p 00034000 00:19 555067                     /usr/lib/ld-linux-x86-64.so.2
7ffcf25a8000-7ffcf25c9000 rw-p 00000000 00:00 0                          [stack]
ffffffffff600000-ffffffffff601000 --xp 00000000 00:00 0                  [vsyscall]
Total number of mappings: 261


VM Arguments:
jvm_args: -javaagent:/usr/share/jetbrains-idea-ce/lib/idea_rt.jar=37373:/usr/share/jetbrains-idea-ce/bin -Dfile.encoding=UTF-8 -Dsun.stdout.encoding=UTF-8 -Dsun.stderr.encoding=UTF-8 
java_command: org.example.Main
java_class_path (initial): /home/adam/projects/java/test/JavaMinesweeper/target/classes:/home/adam/Downloads/jaylib-5.0.0-0.jar
Launcher Type: SUN_STANDARD

[Global flags]
     intx CICompilerCount                          = 3                                         {product} {ergonomic}
     uint ConcGCThreads                            = 2                                         {product} {ergonomic}
     uint G1ConcRefinementThreads                  = 6                                         {product} {ergonomic}
   size_t G1HeapRegionSize                         = 2097152                                   {product} {ergonomic}
   size_t InitialHeapSize                          = 262144000                                 {product} {ergonomic}
   size_t MarkStackSize                            = 4194304                                   {product} {ergonomic}
   size_t MaxHeapSize                              = 4183818240                                {product} {ergonomic}
   size_t MaxNewSize                               = 2510290944                                {product} {ergonomic}
   size_t MinHeapDeltaBytes                        = 2097152                                   {product} {ergonomic}
   size_t MinHeapSize                              = 8388608                                   {product} {ergonomic}
    uintx NonNMethodCodeHeapSize                   = 5832780                                {pd product} {ergonomic}
    uintx NonProfiledCodeHeapSize                  = 122912730                              {pd product} {ergonomic}
    uintx ProfiledCodeHeapSize                     = 122912730                              {pd product} {ergonomic}
    uintx ReservedCodeCacheSize                    = 251658240                              {pd product} {ergonomic}
     bool SegmentedCodeCache                       = true                                      {product} {ergonomic}
   size_t SoftMaxHeapSize                          = 4183818240                             {manageable} {ergonomic}
     bool UseCompressedOops                        = true                           {product lp64_product} {ergonomic}
     bool UseG1GC                                  = true                                      {product} {ergonomic}

Logging:
Log output configuration:
 #0: stdout all=warning uptime,level,tags foldmultilines=false
 #1: stderr all=off uptime,level,tags foldmultilines=false

Environment Variables:
PATH=/usr/local/sbin:/usr/local/bin:/usr/bin:/usr/lib/jvm/default/bin:/usr/bin/site_perl:/usr/bin/vendor_perl:/usr/bin/core_perl
SHELL=/usr/bin/bash
DISPLAY=:1
LANG=en_GB.UTF-8

Active Locale:
LC_ALL=en_GB.UTF-8
LC_COLLATE=en_GB.UTF-8
LC_CTYPE=en_GB.UTF-8
LC_MESSAGES=en_GB.UTF-8
LC_MONETARY=en_GB.UTF-8
LC_NUMERIC=en_GB.UTF-8
LC_TIME=en_GB.UTF-8

Signal Handlers:
   SIGSEGV: 0x00007f47b9fb9c90 in libjvm.so+14392464, mask=11100100010111111101111111111110, flags=SA_RESTART|SA_SIGINFO, unblocked
    SIGBUS: 0x00007f47b9fb9c90 in libjvm.so+14392464, mask=11100100010111111101111111111110, flags=SA_RESTART|SA_SIGINFO, unblocked
    SIGFPE: 0x00007f47b9fb9c90 in libjvm.so+14392464, mask=11100100010111111101111111111110, flags=SA_RESTART|SA_SIGINFO, unblocked
   SIGPIPE: 0x00007f47b9e71250 in libjvm.so+13046352, mask=11100100010111111101111111111110, flags=SA_RESTART|SA_SIGINFO, blocked
   SIGXFSZ: 0x00007f47b9e71250 in libjvm.so+13046352, mask=11100100010111111101111111111110, flags=SA_RESTART|SA_SIGINFO, blocked
    SIGILL: 0x00007f47b9fb9c90 in libjvm.so+14392464, mask=11100100010111111101111111111110, flags=SA_RESTART|SA_SIGINFO, unblocked
   SIGUSR2: 0x00007f47b9e7fd70 in libjvm.so+13106544, mask=00100000000000000000000000000000, flags=SA_RESTART|SA_SIGINFO, blocked
    SIGHUP: 0x00007f47b9e68740 in libjvm.so+13010752, mask=11100100010111111101111111111110, flags=SA_RESTART|SA_SIGINFO, blocked
    SIGINT: 0x00007f47b9e68740 in libjvm.so+13010752, mask=11100100010111111101111111111110, flags=SA_RESTART|SA_SIGINFO, blocked
   SIGTERM: 0x00007f47b9e68740 in libjvm.so+13010752, mask=11100100010111111101111111111110, flags=SA_RESTART|SA_SIGINFO, blocked
   SIGQUIT: 0x00007f47b9e68740 in libjvm.so+13010752, mask=11100100010111111101111111111110, flags=SA_RESTART|SA_SIGINFO, blocked
   SIGTRAP: 0x00007f47b9fb9c90 in libjvm.so+14392464, mask=11100100010111111101111111111110, flags=SA_RESTART|SA_SIGINFO, unblocked


Periodic native trim disabled

---------------  S Y S T E M  ---------------

OS:
DISTRIB_ID="Arch"
DISTRIB_RELEASE="rolling"
DISTRIB_DESCRIPTION="Arch Linux"
uname: Linux 6.9.3-arch1-1 #1 SMP PREEMPT_DYNAMIC Fri, 31 May 2024 15:14:45 +0000 x86_64
OS uptime: 0 days 12:52 hours
libc: glibc 2.39 NPTL 2.39 
rlimit (soft/hard): STACK 8192k/infinity , CORE infinity/infinity , NPROC 63763/63763 , NOFILE 524288/524288 , AS infinity/infinity , CPU infinity/infinity , DATA infinity/infinity , FSIZE infinity/infinity , MEMLOCK 8192k/8192k
load average: 0.44 0.46 0.53

/proc/meminfo:
MemTotal:       16340600 kB
MemFree:         1731292 kB
MemAvailable:    3593184 kB
Buffers:              20 kB
Cached:          2211596 kB
SwapCached:         6040 kB
Active:          5850248 kB
Inactive:        1742516 kB
Active(anon):    4976140 kB
Inactive(anon):   580964 kB
Active(file):     874108 kB
Inactive(file):  1161552 kB
Unevictable:           0 kB
Mlocked:               0 kB
SwapTotal:       4194300 kB
SwapFree:         362088 kB
Zswap:                 0 kB
Zswapped:              0 kB
Dirty:              2472 kB
Writeback:             0 kB
AnonPages:       5300256 kB
Mapped:           659088 kB
Shmem:            175956 kB
KReclaimable:     158456 kB
Slab:             385840 kB
SReclaimable:     158456 kB
SUnreclaim:       227384 kB
KernelStack:       29424 kB
PageTables:       109552 kB
SecPageTables:         0 kB
NFS_Unstable:          0 kB
Bounce:                0 kB
WritebackTmp:          0 kB
CommitLimit:    12364600 kB
Committed_AS:   29645908 kB
VmallocTotal:   34359738367 kB
VmallocUsed:       91244 kB
VmallocChunk:          0 kB
Percpu:            78848 kB
HardwareCorrupted:     0 kB
AnonHugePages:   2936832 kB
ShmemHugePages:        0 kB
ShmemPmdMapped:        0 kB
FileHugePages:    425984 kB
FilePmdMapped:     53248 kB
CmaTotal:              0 kB
CmaFree:               0 kB
Unaccepted:            0 kB
HugePages_Total:       0
HugePages_Free:        0
HugePages_Rsvd:        0
HugePages_Surp:        0
Hugepagesize:       2048 kB
Hugetlb:               0 kB
DirectMap4k:      155456 kB
DirectMap2M:     5087232 kB
DirectMap1G:    13631488 kB

/sys/kernel/mm/transparent_hugepage/enabled: [always] madvise never
/sys/kernel/mm/transparent_hugepage/shmem_enabled: always within_size advise [never] deny force
/sys/kernel/mm/transparent_hugepage/defrag (defrag/compaction efforts parameter): always defer defer+madvise [madvise] never

Process Memory:
Virtual Size: 7032468K (peak: 7032468K)
Resident Set Size: 62224K (peak: 62224K) (anon: 35692K, file: 26532K, shmem: 0K)
Swapped out: 0K
C-Heap outstanding allocations: 21644K, retained: 2615K
glibc malloc tunables: (default)

/proc/sys/kernel/threads-max (system-wide limit on the number of threads): 127527
/proc/sys/vm/max_map_count (maximum number of memory map areas a process may have): 1048576
/proc/sys/kernel/pid_max (system-wide limit on number of process identifiers): 4194304

container (cgroup) information:
container_type: cgroupv2
cpu_cpuset_cpus: not supported
cpu_memory_nodes: not supported
active_processor_count: 6
cpu_quota: not supported
cpu_period: not supported
cpu_shares: not supported
memory_limit_in_bytes: unlimited
memory_and_swap_limit_in_bytes: unlimited
memory_soft_limit_in_bytes: unlimited
memory_usage_in_bytes: 3510868 k
memory_max_usage_in_bytes: not supported
memory_swap_current_in_bytes: 483996 k
memory_swap_max_limit_in_bytes: unlimited
maximum number of tasks: 19129
current number of tasks: 202

VMWare virtualization detected
Steal ticks since vm start: 0
Steal ticks percentage since vm start:  0.000

CPU: total 128 (initial active 6) (3 cores per cpu, 1 threads per core) family 25 model 97 stepping 2 microcode 0xa601203, cx8, cmov, fxsr, mmx, 3dnowpref, sse, sse2, sse3, ssse3, sse4a, sse4.1, sse4.2, popcnt, lzcnt, tsc, tscinvbit, avx, avx2, aes, erms, clmul, bmi1, bmi2, adx, avx512f, avx512dq, avx512cd, avx512bw, avx512vl, sha, fma, vzeroupper, avx512_vpopcntdq, avx512_vpclmulqdq, avx512_vaes, avx512_vnni, clflush, clflushopt, avx512_vbmi2, avx512_vbmi, hv, rdtscp, rdpid, fsrm, gfni, avx512_bitalg, f16c, pku, ospke, avx512_ifma
CPU Model and flags from /proc/cpuinfo:
model name	: AMD Ryzen 9 7950X 16-Core Processor
flags		: fpu vme de pse tsc msr pae mce cx8 apic sep mtrr pge mca cmov pat pse36 clflush mmx fxsr sse sse2 ht syscall nx mmxext fxsr_opt pdpe1gb rdtscp lm constant_tsc rep_good nopl xtopology tsc_reliable nonstop_tsc cpuid extd_apicid tsc_known_freq pni pclmulqdq ssse3 fma cx16 sse4_1 sse4_2 x2apic movbe popcnt aes xsave avx f16c rdrand hypervisor lahf_lm cmp_legacy extapic cr8_legacy abm sse4a misalignsse 3dnowprefetch osvw topoext ibpb vmmcall fsgsbase bmi1 avx2 smep bmi2 erms invpcid avx512f avx512dq rdseed adx smap avx512ifma clflushopt clwb avx512cd sha_ni avx512bw avx512vl xsaveopt xsavec xgetbv1 xsaves avx512_bf16 clzero wbnoinvd arat avx512vbmi umip pku ospke avx512_vbmi2 gfni vaes vpclmulqdq avx512_vnni avx512_bitalg avx512_vpopcntdq rdpid overflow_recov succor fsrm flush_l1d

Online cpus: 0-5
Offline cpus: 6-127
BIOS frequency limitation: <Not Available>
Frequency switch latency (ns): <Not Available>
Available cpu frequencies: <Not Available>
Current governor: <Not Available>
Core performance/turbo boost: <Not Available>

Memory: 4k page, physical 16340600k(3593184k free), swap 4194300k(362088k free)
Page Sizes: 4k

vm_info: OpenJDK 64-Bit Server VM (22) for linux-amd64 JRE (22), built on 2024-04-17T17:56:42Z by "builduser" with gcc 13.2.1 20230801

END.
