#
# A fatal error has been detected by the Java Runtime Environment:
#
#  SIGSEGV (0xb) at pc=0x0000000000000000, pid=25816, tid=25821
#
# JRE version: OpenJDK Runtime Environment (22.0) (build 22)
# Java VM: OpenJDK 64-Bit Server VM (22, mixed mode, sharing, tiered, compressed oops, compressed class ptrs, g1 gc, linux-amd64)
# Problematic frame:
# C  [libjniRaylib.so+0x14e2af]  rlLoadTexture+0x4f
#
# Core dump will be written. Default location: Core dumps may be processed with "/usr/lib/systemd/systemd-coredump %P %u %g %s %t %c %h" (or dumping to /home/adam/projects/java/test/JavaMinesweeper/core.25816)
#
# If you would like to submit a bug report, please visit:
#   https://bugreport.java.com/bugreport/crash.jsp
# The crash happened outside the Java Virtual Machine in native code.
# See problematic frame for where to report the bug.
#

---------------  S U M M A R Y ------------

Command Line: -javaagent:/usr/share/jetbrains-idea-ce/lib/idea_rt.jar=45111:/usr/share/jetbrains-idea-ce/bin -Dfile.encoding=UTF-8 -Dsun.stdout.encoding=UTF-8 -Dsun.stderr.encoding=UTF-8 org.example.Main

Host: AMD Ryzen 9 7950X 16-Core Processor, 128 cores, 15G, Arch Linux
Time: Thu Jun 13 17:08:07 2024 BST elapsed time: 0.090791 seconds (0d 0h 0m 0s)

---------------  T H R E A D  ---------------

Current thread (0x000074c188018cf0):  JavaThread "main"             [_thread_in_native, id=25821, stack(0x000074c18e500000,0x000074c18e600000) (1024K)]

Stack: [0x000074c18e500000,0x000074c18e600000],  sp=0x000074c18e5fdc90,  free space=1015k
Native frames: (J=compiled Java code, j=interpreted, Vv=VM code, C=native code)
C  [libjniRaylib.so+0x14e2af]  rlLoadTexture+0x4f
Java frames: (J=compiled Java code, j=interpreted, Vv=VM code)
j  com.raylib.Raylib.LoadTexture(Ljava/lang/String;)Lcom/raylib/Raylib$Texture;+0
j  org.example.CellRenderer.<clinit>()V+49
v  ~StubRoutines::call_stub 0x000074c177d37cc6
j  org.example.Minesweeper.init(I)V+26
j  org.example.GameController.<init>()V+21
j  org.example.Main.main([Ljava/lang/String;)V+4
v  ~StubRoutines::call_stub 0x000074c177d37cc6

siginfo: si_signo: 11 (SIGSEGV), si_code: 1 (SEGV_MAPERR), si_addr: 0x0000000000000000

Registers:
RAX=0x000074c165770758, RBX=0x0000000000000060, RCX=0x0000000000000007, RDX=0x0000000000000060
RSP=0x000074c18e5fdc88, RBP=0x0000000000000001, RSI=0x0000000000000000, RDI=0x0000000000000de1
R8 =0x0000000000000001, R9 =0x0000000000000007, R10=0x000074c188334370, R11=0xdcb842b718f2b31d
R12=0x000074c18e5fdd90, R13=0x0000000000000007, R14=0x0000000000000007, R15=0x000074c188018cf0
RIP=0x0000000000000000, EFLAGS=0x0000000000010246, CSGSFS=0x002b000000000033, ERR=0x0000000000000014
  TRAPNO=0x000000000000000e


Register to memory mapping:

RAX=0x000074c165770758: glad_glBindTexture+0x0000000000000000 in /home/adam/.javacpp/cache/jaylib-5.0.0-0.jar/com/raylib/linux-x86_64/libjniRaylib.so at 0x000074c165400000
RBX=0x0000000000000060 is an unknown value
RCX=0x0000000000000007 is an unknown value
RDX=0x0000000000000060 is an unknown value
RSP=0x000074c18e5fdc88 is pointing into the stack for thread: 0x000074c188018cf0
RBP=0x0000000000000001 is an unknown value
RSI=0x0 is null
RDI=0x0000000000000de1 is an unknown value
R8 =0x0000000000000001 is an unknown value
R9 =0x0000000000000007 is an unknown value
R10=0x000074c188334370 points into unknown readable memory: 0x000000074c188334 | 34 83 18 4c 07 00 00 00
R11=0xdcb842b718f2b31d is an unknown value
R12=0x000074c18e5fdd90 is pointing into the stack for thread: 0x000074c188018cf0
R13=0x0000000000000007 is an unknown value
R14=0x0000000000000007 is an unknown value
R15=0x000074c188018cf0 is a thread

Top of Stack: (sp=0x000074c18e5fdc88)
0x000074c18e5fdc88:   000074c16554e2af 0000000000000000
0x000074c18e5fdc98:   000074c18833ffc0 000074c100000001
0x000074c18e5fdca8:   000074c18e5fdd40 000074c1883342a0
0x000074c18e5fdcb8:   0000000000000001 000074c18e5fdd40
0x000074c18e5fdcc8:   0000006000000060 0000000000000000
0x000074c18e5fdcd8:   000074c188334360 000074c18e5fdd20
0x000074c18e5fdce8:   000074c18ffe3dae 0000000700000001
0x000074c18e5fdcf8:   8cd5585006096700 000074c188334280
0x000074c18e5fdd08:   0000000000000060 0000000000000001
0x000074c18e5fdd18:   000074c18e5fdd90 0000000000000060
0x000074c18e5fdd28:   0000000000000007 000074c188018cf0
0x000074c18e5fdd38:   000074c16560773d 000074c1883342a0
0x000074c18e5fdd48:   000074c18e5fde50 000074c1883342a0
0x000074c18e5fdd58:   000074c1044298a0 000074c18e5fded0
0x000074c18e5fdd68:   000074c165607797 000074c18833ffc0
0x000074c18e5fdd78:   0000006000000060 0000000700000001
0x000074c18e5fdd88:   000074c165607777 0000000000000000
0x000074c18e5fdd98:   0000000000000000 0000000000000000
0x000074c18e5fdda8:   000074c1044298a0 000074c18833ffc0
0x000074c18e5fddb8:   0000006000000060 0000000700000001
0x000074c18e5fddc8:   8cd5585006096700 0000000000000000
0x000074c18e5fddd8:   000074c1654d2c2c 000074c188018cf0
0x000074c18e5fdde8:   000074c18e5fded0 000074c18e5fdec0
0x000074c18e5fddf8:   000074c1880190b0 0000000000000000
0x000074c18e5fde08:   0000000000000000 000074c188334280
0x000074c18e5fde18:   000074c188018cf0 000074c18e5fdec0
0x000074c18e5fde28:   000074c1044298a8 0000000000000000
0x000074c18e5fde38:   8cd5585006096700 000074c1044298a8
0x000074c18e5fde48:   0000000000000000 000074c18e5fdeb0
0x000074c18e5fde58:   000074c177d43c3c 000074c177d438db
0x000074c18e5fde68:   fffffffffffffff7 000074c1044298a0
0x000074c18e5fde78:   0000000000000004 000074c104455e90 

Instructions: (pc=0x000074c16554e2af)
0x000074c16554e1af:   00 48 8d 05 5b 9a 17 00 c3 0f 1f 84 00 00 00 00
0x000074c16554e1bf:   00 48 8d 05 41 9a 17 00 c3 0f 1f 84 00 00 00 00
0x000074c16554e1cf:   00 48 8d 05 2d 9a 17 00 c3 0f 1f 84 00 00 00 00
0x000074c16554e1df:   00 48 8d 05 10 9a 17 00 c3 0f 1f 84 00 00 00 00
0x000074c16554e1ef:   00 48 8d 05 f6 99 17 00 c3 0f 1f 84 00 00 00 00
0x000074c16554e1ff:   00 48 8d 05 e2 99 17 00 c3 0f 1f 84 00 00 00 00
0x000074c16554e20f:   00 48 8d 05 c9 99 17 00 c3 0f 1f 84 00 00 00 00
0x000074c16554e21f:   00 48 8d 05 b0 99 17 00 c3 0f 1f 84 00 00 00 00
0x000074c16554e22f:   00 48 8d 05 97 99 17 00 c3 0f 1f 84 00 00 00 00
0x000074c16554e23f:   00 48 8d 05 80 99 17 00 c3 0f 1f 84 00 00 00 00
0x000074c16554e24f:   00 48 8d 05 69 99 17 00 c3 48 8d 05 4f 99 17 00
0x000074c16554e25f:   c3 f3 0f 1e fa 41 57 41 56 41 55 41 89 cd 41 54
0x000074c16554e26f:   55 53 48 83 ec 78 48 89 7c 24 08 bf e1 0d 00 00
0x000074c16554e27f:   89 74 24 38 31 f6 89 54 24 3c 44 89 44 24 10 64
0x000074c16554e28f:   48 8b 04 25 28 00 00 00 48 89 44 24 68 31 c0 48
0x000074c16554e29f:   8d 05 b3 24 22 00 c7 44 24 40 00 00 00 00 ff 10
0x000074c16554e2af:   80 3d f9 83 22 00 00 75 0d 41 8d 45 f2 83 f8 03
0x000074c16554e2bf:   0f 86 b3 03 00 00 80 3d e4 83 22 00 01 74 0a 41
0x000074c16554e2cf:   83 fd 12 0f 84 f8 03 00 00 80 3d d2 83 22 00 00
0x000074c16554e2df:   75 0d 41 8d 45 ed 83 f8 01 0f 86 aa 03 00 00 80
0x000074c16554e2ef:   3d bd 83 22 00 00 75 0d 41 8d 45 eb 83 f8 01 0f
0x000074c16554e2ff:   86 b0 03 00 00 80 3d a8 83 22 00 00 0f 84 1f 03
0x000074c16554e30f:   00 00 48 8d 05 40 13 22 00 be 01 00 00 00 bf f5
0x000074c16554e31f:   0c 00 00 ff 10 48 8d 05 dd 1c 22 00 48 8d 74 24
0x000074c16554e32f:   40 bf 01 00 00 00 ff 10 48 8d 05 1a 24 22 00 8b
0x000074c16554e33f:   74 24 40 bf e1 0d 00 00 ff 10 44 8b 44 24 10 45
0x000074c16554e34f:   85 c0 0f 8e 99 03 00 00 41 8d 45 ff 4c 8b 64 24
0x000074c16554e35f:   08 44 8b 7c 24 3c 31 ed 89 44 24 14 41 8d 45 f2
0x000074c16554e36f:   44 8b 74 24 38 89 44 24 30 41 8d 45 f0 89 44 24
0x000074c16554e37f:   34 48 8d 44 24 4c 48 89 44 24 28 48 8d 44 24 48
0x000074c16554e38f:   48 89 44 24 20 48 8d 44 24 44 48 89 44 24 18 e9
0x000074c16554e39f:   f5 00 00 00 0f 1f 44 00 00 83 7c 24 30 01 0f 86 


Stack slot to memory mapping:

stack at sp + 0 slots: 0x0 is null
stack at sp + 1 slots: 0x000074c18833ffc0 points into unknown readable memory: 0x0000000000000000 | 00 00 00 00 00 00 00 00
stack at sp + 2 slots: 0x000074c100000001 is an unknown value
stack at sp + 3 slots: 0x000074c18e5fdd40 is pointing into the stack for thread: 0x000074c188018cf0
stack at sp + 4 slots: 0x000074c1883342a0 points into unknown readable memory: 0x000000074c188334 | 34 83 18 4c 07 00 00 00
stack at sp + 5 slots: 0x0000000000000001 is an unknown value
stack at sp + 6 slots: 0x000074c18e5fdd40 is pointing into the stack for thread: 0x000074c188018cf0
stack at sp + 7 slots: 0x0000006000000060 is an unknown value


---------------  P R O C E S S  ---------------

Threads class SMR info:
_java_thread_list=0x000074c1883224d0, length=12, elements={
0x000074c188018cf0, 0x000074c188159f90, 0x000074c18815b5f0, 0x000074c18815d0e0,
0x000074c18815e730, 0x000074c18815fce0, 0x000074c188161810, 0x000074c188162f30,
0x000074c1881b4c70, 0x000074c18829efa0, 0x000074c1882a1290, 0x000074c1883218c0
}

Java Threads: ( => current thread )
=>0x000074c188018cf0 JavaThread "main"                              [_thread_in_native, id=25821, stack(0x000074c18e500000,0x000074c18e600000) (1024K)]
  0x000074c188159f90 JavaThread "Reference Handler"          daemon [_thread_blocked, id=25833, stack(0x000074c16c300000,0x000074c16c400000) (1024K)]
  0x000074c18815b5f0 JavaThread "Finalizer"                  daemon [_thread_blocked, id=25836, stack(0x000074c16c1ff000,0x000074c16c2ff000) (1024K)]
  0x000074c18815d0e0 JavaThread "Signal Dispatcher"          daemon [_thread_blocked, id=25837, stack(0x000074c16c0fe000,0x000074c16c1fe000) (1024K)]
  0x000074c18815e730 JavaThread "Service Thread"             daemon [_thread_blocked, id=25839, stack(0x000074c165f00000,0x000074c166000000) (1024K)]
  0x000074c18815fce0 JavaThread "Monitor Deflation Thread"   daemon [_thread_blocked, id=25841, stack(0x000074c165dff000,0x000074c165eff000) (1024K)]
  0x000074c188161810 JavaThread "C2 CompilerThread0"         daemon [_thread_blocked, id=25843, stack(0x000074c165cfe000,0x000074c165dfe000) (1024K)]
  0x000074c188162f30 JavaThread "C1 CompilerThread0"         daemon [_thread_blocked, id=25845, stack(0x000074c165bfd000,0x000074c165cfd000) (1024K)]
  0x000074c1881b4c70 JavaThread "Common-Cleaner"             daemon [_thread_blocked, id=25847, stack(0x000074c165afc000,0x000074c165bfc000) (1024K)]
  0x000074c18829efa0 JavaThread "Monitor Ctrl-Break"         daemon [_thread_in_native, id=25850, stack(0x000074c1659fb000,0x000074c165afb000) (1024K)]
  0x000074c1882a1290 JavaThread "Notification Thread"        daemon [_thread_blocked, id=25851, stack(0x000074c1658fa000,0x000074c1659fa000) (1024K)]
  0x000074c1883218c0 JavaThread "JavaCPP Deallocator"        daemon [_thread_blocked, id=25853, stack(0x000074c165300000,0x000074c165400000) (1024K)]
Total: 12

Other Threads:
  0x000074c18814c650 VMThread "VM Thread"                           [id=25832, stack(0x000074c16c700000,0x000074c16c800000) (1024K)]
  0x000074c1881311d0 WatcherThread "VM Periodic Task Thread"        [id=25830, stack(0x000074c18c01a000,0x000074c18c11a000) (1024K)]
  0x000074c188080e20 WorkerThread "GC Thread#0"                     [id=25822, stack(0x000074c18dc24000,0x000074c18dd24000) (1024K)]
  0x000074c188091d90 ConcurrentGCThread "G1 Main Marker"            [id=25824, stack(0x000074c18cb00000,0x000074c18cc00000) (1024K)]
  0x000074c188092d40 WorkerThread "G1 Conc#0"                       [id=25826, stack(0x000074c18c9ff000,0x000074c18caff000) (1024K)]
  0x000074c18811e560 ConcurrentGCThread "G1 Refine#0"               [id=25827, stack(0x000074c18c2f8000,0x000074c18c3f8000) (1024K)]
  0x000074c18811f530 ConcurrentGCThread "G1 Service"                [id=25828, stack(0x000074c18c1f7000,0x000074c18c2f7000) (1024K)]
Total: 7

Threads with active compile tasks:
Total: 0

VM state: not at safepoint (normal execution)

VM Mutex/Monitor currently owned by a thread: None

Heap address: 0x0000000706a00000, size: 3990 MB, Compressed Oops mode: Zero based, Oop shift amount: 3

CDS archive(s) mapped at: [0x000074c10e000000-0x000074c10ec77000-0x000074c10ec77000), size 13070336, SharedBaseAddress: 0x000074c10e000000, ArchiveRelocationMode: 1.
Compressed class space mapped at: 0x000074c10f000000-0x000074c14f000000, reserved size: 1073741824
Narrow klass base: 0x000074c10e000000, Narrow klass shift: 0, Narrow klass range: 0x100000000

GC Precious Log:
 CardTable entry size: 512
 Card Set container configuration: InlinePtr #cards 4 size 8 Array Of Cards #cards 16 size 48 Howl #buckets 8 coarsen threshold 3686 Howl Bitmap #cards 512 size 80 coarsen threshold 460 Card regions per heap region 1 cards per card region 4096
 CPUs: 128 total, 6 available
 Memory: 15957M
 Large Page Support: Disabled
 NUMA Support: Disabled
 Compressed Oops: Enabled (Zero based)
 Heap Region Size: 2M
 Heap Min Capacity: 8M
 Heap Initial Capacity: 250M
 Heap Max Capacity: 3990M
 Pre-touch: Disabled
 Parallel Workers: 6
 Concurrent Workers: 2
 Concurrent Refinement Workers: 6
 Periodic GC: Disabled

Heap:
 garbage-first heap   total reserved 4085760K, committed 258048K, used 7201K [0x0000000706a00000, 0x0000000800000000)
  region size 2048K, 4 young (8192K), 0 survivors (0K)
 Metaspace       used 2487K, committed 2624K, reserved 1114112K
  class space    used 236K, committed 320K, reserved 1048576K

Heap Regions: E=young(eden), S=young(survivor), O=old, HS=humongous(starts), HC=humongous(continues), CS=collection set, F=free, TAMS=top-at-mark-start, PB=parsable bottom
|   0|0x0000000706a00000, 0x0000000706a00000, 0x0000000706c00000|  0%| F|  |TAMS 0x0000000706a00000| PB 0x0000000706a00000| Untracked |  0
|   1|0x0000000706c00000, 0x0000000706c00000, 0x0000000706e00000|  0%| F|  |TAMS 0x0000000706c00000| PB 0x0000000706c00000| Untracked |  0
|   2|0x0000000706e00000, 0x0000000706e00000, 0x0000000707000000|  0%| F|  |TAMS 0x0000000706e00000| PB 0x0000000706e00000| Untracked |  0
|   3|0x0000000707000000, 0x0000000707000000, 0x0000000707200000|  0%| F|  |TAMS 0x0000000707000000| PB 0x0000000707000000| Untracked |  0
|   4|0x0000000707200000, 0x0000000707200000, 0x0000000707400000|  0%| F|  |TAMS 0x0000000707200000| PB 0x0000000707200000| Untracked |  0
|   5|0x0000000707400000, 0x0000000707400000, 0x0000000707600000|  0%| F|  |TAMS 0x0000000707400000| PB 0x0000000707400000| Untracked |  0
|   6|0x0000000707600000, 0x0000000707600000, 0x0000000707800000|  0%| F|  |TAMS 0x0000000707600000| PB 0x0000000707600000| Untracked |  0
|   7|0x0000000707800000, 0x0000000707800000, 0x0000000707a00000|  0%| F|  |TAMS 0x0000000707800000| PB 0x0000000707800000| Untracked |  0
|   8|0x0000000707a00000, 0x0000000707a00000, 0x0000000707c00000|  0%| F|  |TAMS 0x0000000707a00000| PB 0x0000000707a00000| Untracked |  0
|   9|0x0000000707c00000, 0x0000000707c00000, 0x0000000707e00000|  0%| F|  |TAMS 0x0000000707c00000| PB 0x0000000707c00000| Untracked |  0
|  10|0x0000000707e00000, 0x0000000707e00000, 0x0000000708000000|  0%| F|  |TAMS 0x0000000707e00000| PB 0x0000000707e00000| Untracked |  0
|  11|0x0000000708000000, 0x0000000708000000, 0x0000000708200000|  0%| F|  |TAMS 0x0000000708000000| PB 0x0000000708000000| Untracked |  0
|  12|0x0000000708200000, 0x0000000708200000, 0x0000000708400000|  0%| F|  |TAMS 0x0000000708200000| PB 0x0000000708200000| Untracked |  0
|  13|0x0000000708400000, 0x0000000708400000, 0x0000000708600000|  0%| F|  |TAMS 0x0000000708400000| PB 0x0000000708400000| Untracked |  0
|  14|0x0000000708600000, 0x0000000708600000, 0x0000000708800000|  0%| F|  |TAMS 0x0000000708600000| PB 0x0000000708600000| Untracked |  0
|  15|0x0000000708800000, 0x0000000708800000, 0x0000000708a00000|  0%| F|  |TAMS 0x0000000708800000| PB 0x0000000708800000| Untracked |  0
|  16|0x0000000708a00000, 0x0000000708a00000, 0x0000000708c00000|  0%| F|  |TAMS 0x0000000708a00000| PB 0x0000000708a00000| Untracked |  0
|  17|0x0000000708c00000, 0x0000000708c00000, 0x0000000708e00000|  0%| F|  |TAMS 0x0000000708c00000| PB 0x0000000708c00000| Untracked |  0
|  18|0x0000000708e00000, 0x0000000708e00000, 0x0000000709000000|  0%| F|  |TAMS 0x0000000708e00000| PB 0x0000000708e00000| Untracked |  0
|  19|0x0000000709000000, 0x0000000709000000, 0x0000000709200000|  0%| F|  |TAMS 0x0000000709000000| PB 0x0000000709000000| Untracked |  0
|  20|0x0000000709200000, 0x0000000709200000, 0x0000000709400000|  0%| F|  |TAMS 0x0000000709200000| PB 0x0000000709200000| Untracked |  0
|  21|0x0000000709400000, 0x0000000709400000, 0x0000000709600000|  0%| F|  |TAMS 0x0000000709400000| PB 0x0000000709400000| Untracked |  0
|  22|0x0000000709600000, 0x0000000709600000, 0x0000000709800000|  0%| F|  |TAMS 0x0000000709600000| PB 0x0000000709600000| Untracked |  0
|  23|0x0000000709800000, 0x0000000709800000, 0x0000000709a00000|  0%| F|  |TAMS 0x0000000709800000| PB 0x0000000709800000| Untracked |  0
|  24|0x0000000709a00000, 0x0000000709a00000, 0x0000000709c00000|  0%| F|  |TAMS 0x0000000709a00000| PB 0x0000000709a00000| Untracked |  0
|  25|0x0000000709c00000, 0x0000000709c00000, 0x0000000709e00000|  0%| F|  |TAMS 0x0000000709c00000| PB 0x0000000709c00000| Untracked |  0
|  26|0x0000000709e00000, 0x0000000709e00000, 0x000000070a000000|  0%| F|  |TAMS 0x0000000709e00000| PB 0x0000000709e00000| Untracked |  0
|  27|0x000000070a000000, 0x000000070a000000, 0x000000070a200000|  0%| F|  |TAMS 0x000000070a000000| PB 0x000000070a000000| Untracked |  0
|  28|0x000000070a200000, 0x000000070a200000, 0x000000070a400000|  0%| F|  |TAMS 0x000000070a200000| PB 0x000000070a200000| Untracked |  0
|  29|0x000000070a400000, 0x000000070a400000, 0x000000070a600000|  0%| F|  |TAMS 0x000000070a400000| PB 0x000000070a400000| Untracked |  0
|  30|0x000000070a600000, 0x000000070a600000, 0x000000070a800000|  0%| F|  |TAMS 0x000000070a600000| PB 0x000000070a600000| Untracked |  0
|  31|0x000000070a800000, 0x000000070a800000, 0x000000070aa00000|  0%| F|  |TAMS 0x000000070a800000| PB 0x000000070a800000| Untracked |  0
|  32|0x000000070aa00000, 0x000000070aa00000, 0x000000070ac00000|  0%| F|  |TAMS 0x000000070aa00000| PB 0x000000070aa00000| Untracked |  0
|  33|0x000000070ac00000, 0x000000070ac00000, 0x000000070ae00000|  0%| F|  |TAMS 0x000000070ac00000| PB 0x000000070ac00000| Untracked |  0
|  34|0x000000070ae00000, 0x000000070ae00000, 0x000000070b000000|  0%| F|  |TAMS 0x000000070ae00000| PB 0x000000070ae00000| Untracked |  0
|  35|0x000000070b000000, 0x000000070b000000, 0x000000070b200000|  0%| F|  |TAMS 0x000000070b000000| PB 0x000000070b000000| Untracked |  0
|  36|0x000000070b200000, 0x000000070b200000, 0x000000070b400000|  0%| F|  |TAMS 0x000000070b200000| PB 0x000000070b200000| Untracked |  0
|  37|0x000000070b400000, 0x000000070b400000, 0x000000070b600000|  0%| F|  |TAMS 0x000000070b400000| PB 0x000000070b400000| Untracked |  0
|  38|0x000000070b600000, 0x000000070b600000, 0x000000070b800000|  0%| F|  |TAMS 0x000000070b600000| PB 0x000000070b600000| Untracked |  0
|  39|0x000000070b800000, 0x000000070b800000, 0x000000070ba00000|  0%| F|  |TAMS 0x000000070b800000| PB 0x000000070b800000| Untracked |  0
|  40|0x000000070ba00000, 0x000000070ba00000, 0x000000070bc00000|  0%| F|  |TAMS 0x000000070ba00000| PB 0x000000070ba00000| Untracked |  0
|  41|0x000000070bc00000, 0x000000070bc00000, 0x000000070be00000|  0%| F|  |TAMS 0x000000070bc00000| PB 0x000000070bc00000| Untracked |  0
|  42|0x000000070be00000, 0x000000070be00000, 0x000000070c000000|  0%| F|  |TAMS 0x000000070be00000| PB 0x000000070be00000| Untracked |  0
|  43|0x000000070c000000, 0x000000070c000000, 0x000000070c200000|  0%| F|  |TAMS 0x000000070c000000| PB 0x000000070c000000| Untracked |  0
|  44|0x000000070c200000, 0x000000070c200000, 0x000000070c400000|  0%| F|  |TAMS 0x000000070c200000| PB 0x000000070c200000| Untracked |  0
|  45|0x000000070c400000, 0x000000070c400000, 0x000000070c600000|  0%| F|  |TAMS 0x000000070c400000| PB 0x000000070c400000| Untracked |  0
|  46|0x000000070c600000, 0x000000070c600000, 0x000000070c800000|  0%| F|  |TAMS 0x000000070c600000| PB 0x000000070c600000| Untracked |  0
|  47|0x000000070c800000, 0x000000070c800000, 0x000000070ca00000|  0%| F|  |TAMS 0x000000070c800000| PB 0x000000070c800000| Untracked |  0
|  48|0x000000070ca00000, 0x000000070ca00000, 0x000000070cc00000|  0%| F|  |TAMS 0x000000070ca00000| PB 0x000000070ca00000| Untracked |  0
|  49|0x000000070cc00000, 0x000000070cc00000, 0x000000070ce00000|  0%| F|  |TAMS 0x000000070cc00000| PB 0x000000070cc00000| Untracked |  0
|  50|0x000000070ce00000, 0x000000070ce00000, 0x000000070d000000|  0%| F|  |TAMS 0x000000070ce00000| PB 0x000000070ce00000| Untracked |  0
|  51|0x000000070d000000, 0x000000070d000000, 0x000000070d200000|  0%| F|  |TAMS 0x000000070d000000| PB 0x000000070d000000| Untracked |  0
|  52|0x000000070d200000, 0x000000070d200000, 0x000000070d400000|  0%| F|  |TAMS 0x000000070d200000| PB 0x000000070d200000| Untracked |  0
|  53|0x000000070d400000, 0x000000070d400000, 0x000000070d600000|  0%| F|  |TAMS 0x000000070d400000| PB 0x000000070d400000| Untracked |  0
|  54|0x000000070d600000, 0x000000070d600000, 0x000000070d800000|  0%| F|  |TAMS 0x000000070d600000| PB 0x000000070d600000| Untracked |  0
|  55|0x000000070d800000, 0x000000070d800000, 0x000000070da00000|  0%| F|  |TAMS 0x000000070d800000| PB 0x000000070d800000| Untracked |  0
|  56|0x000000070da00000, 0x000000070da00000, 0x000000070dc00000|  0%| F|  |TAMS 0x000000070da00000| PB 0x000000070da00000| Untracked |  0
|  57|0x000000070dc00000, 0x000000070dc00000, 0x000000070de00000|  0%| F|  |TAMS 0x000000070dc00000| PB 0x000000070dc00000| Untracked |  0
|  58|0x000000070de00000, 0x000000070de00000, 0x000000070e000000|  0%| F|  |TAMS 0x000000070de00000| PB 0x000000070de00000| Untracked |  0
|  59|0x000000070e000000, 0x000000070e000000, 0x000000070e200000|  0%| F|  |TAMS 0x000000070e000000| PB 0x000000070e000000| Untracked |  0
|  60|0x000000070e200000, 0x000000070e200000, 0x000000070e400000|  0%| F|  |TAMS 0x000000070e200000| PB 0x000000070e200000| Untracked |  0
|  61|0x000000070e400000, 0x000000070e400000, 0x000000070e600000|  0%| F|  |TAMS 0x000000070e400000| PB 0x000000070e400000| Untracked |  0
|  62|0x000000070e600000, 0x000000070e600000, 0x000000070e800000|  0%| F|  |TAMS 0x000000070e600000| PB 0x000000070e600000| Untracked |  0
|  63|0x000000070e800000, 0x000000070e800000, 0x000000070ea00000|  0%| F|  |TAMS 0x000000070e800000| PB 0x000000070e800000| Untracked |  0
|  64|0x000000070ea00000, 0x000000070ea00000, 0x000000070ec00000|  0%| F|  |TAMS 0x000000070ea00000| PB 0x000000070ea00000| Untracked |  0
|  65|0x000000070ec00000, 0x000000070ec00000, 0x000000070ee00000|  0%| F|  |TAMS 0x000000070ec00000| PB 0x000000070ec00000| Untracked |  0
|  66|0x000000070ee00000, 0x000000070ee00000, 0x000000070f000000|  0%| F|  |TAMS 0x000000070ee00000| PB 0x000000070ee00000| Untracked |  0
|  67|0x000000070f000000, 0x000000070f000000, 0x000000070f200000|  0%| F|  |TAMS 0x000000070f000000| PB 0x000000070f000000| Untracked |  0
|  68|0x000000070f200000, 0x000000070f200000, 0x000000070f400000|  0%| F|  |TAMS 0x000000070f200000| PB 0x000000070f200000| Untracked |  0
|  69|0x000000070f400000, 0x000000070f400000, 0x000000070f600000|  0%| F|  |TAMS 0x000000070f400000| PB 0x000000070f400000| Untracked |  0
|  70|0x000000070f600000, 0x000000070f600000, 0x000000070f800000|  0%| F|  |TAMS 0x000000070f600000| PB 0x000000070f600000| Untracked |  0
|  71|0x000000070f800000, 0x000000070f800000, 0x000000070fa00000|  0%| F|  |TAMS 0x000000070f800000| PB 0x000000070f800000| Untracked |  0
|  72|0x000000070fa00000, 0x000000070fa00000, 0x000000070fc00000|  0%| F|  |TAMS 0x000000070fa00000| PB 0x000000070fa00000| Untracked |  0
|  73|0x000000070fc00000, 0x000000070fc00000, 0x000000070fe00000|  0%| F|  |TAMS 0x000000070fc00000| PB 0x000000070fc00000| Untracked |  0
|  74|0x000000070fe00000, 0x000000070fe00000, 0x0000000710000000|  0%| F|  |TAMS 0x000000070fe00000| PB 0x000000070fe00000| Untracked |  0
|  75|0x0000000710000000, 0x0000000710000000, 0x0000000710200000|  0%| F|  |TAMS 0x0000000710000000| PB 0x0000000710000000| Untracked |  0
|  76|0x0000000710200000, 0x0000000710200000, 0x0000000710400000|  0%| F|  |TAMS 0x0000000710200000| PB 0x0000000710200000| Untracked |  0
|  77|0x0000000710400000, 0x0000000710400000, 0x0000000710600000|  0%| F|  |TAMS 0x0000000710400000| PB 0x0000000710400000| Untracked |  0
|  78|0x0000000710600000, 0x0000000710600000, 0x0000000710800000|  0%| F|  |TAMS 0x0000000710600000| PB 0x0000000710600000| Untracked |  0
|  79|0x0000000710800000, 0x0000000710800000, 0x0000000710a00000|  0%| F|  |TAMS 0x0000000710800000| PB 0x0000000710800000| Untracked |  0
|  80|0x0000000710a00000, 0x0000000710a00000, 0x0000000710c00000|  0%| F|  |TAMS 0x0000000710a00000| PB 0x0000000710a00000| Untracked |  0
|  81|0x0000000710c00000, 0x0000000710c00000, 0x0000000710e00000|  0%| F|  |TAMS 0x0000000710c00000| PB 0x0000000710c00000| Untracked |  0
|  82|0x0000000710e00000, 0x0000000710e00000, 0x0000000711000000|  0%| F|  |TAMS 0x0000000710e00000| PB 0x0000000710e00000| Untracked |  0
|  83|0x0000000711000000, 0x0000000711000000, 0x0000000711200000|  0%| F|  |TAMS 0x0000000711000000| PB 0x0000000711000000| Untracked |  0
|  84|0x0000000711200000, 0x0000000711200000, 0x0000000711400000|  0%| F|  |TAMS 0x0000000711200000| PB 0x0000000711200000| Untracked |  0
|  85|0x0000000711400000, 0x0000000711400000, 0x0000000711600000|  0%| F|  |TAMS 0x0000000711400000| PB 0x0000000711400000| Untracked |  0
|  86|0x0000000711600000, 0x0000000711600000, 0x0000000711800000|  0%| F|  |TAMS 0x0000000711600000| PB 0x0000000711600000| Untracked |  0
|  87|0x0000000711800000, 0x0000000711800000, 0x0000000711a00000|  0%| F|  |TAMS 0x0000000711800000| PB 0x0000000711800000| Untracked |  0
|  88|0x0000000711a00000, 0x0000000711a00000, 0x0000000711c00000|  0%| F|  |TAMS 0x0000000711a00000| PB 0x0000000711a00000| Untracked |  0
|  89|0x0000000711c00000, 0x0000000711c00000, 0x0000000711e00000|  0%| F|  |TAMS 0x0000000711c00000| PB 0x0000000711c00000| Untracked |  0
|  90|0x0000000711e00000, 0x0000000711e00000, 0x0000000712000000|  0%| F|  |TAMS 0x0000000711e00000| PB 0x0000000711e00000| Untracked |  0
|  91|0x0000000712000000, 0x0000000712000000, 0x0000000712200000|  0%| F|  |TAMS 0x0000000712000000| PB 0x0000000712000000| Untracked |  0
|  92|0x0000000712200000, 0x0000000712200000, 0x0000000712400000|  0%| F|  |TAMS 0x0000000712200000| PB 0x0000000712200000| Untracked |  0
|  93|0x0000000712400000, 0x0000000712400000, 0x0000000712600000|  0%| F|  |TAMS 0x0000000712400000| PB 0x0000000712400000| Untracked |  0
|  94|0x0000000712600000, 0x0000000712600000, 0x0000000712800000|  0%| F|  |TAMS 0x0000000712600000| PB 0x0000000712600000| Untracked |  0
|  95|0x0000000712800000, 0x0000000712800000, 0x0000000712a00000|  0%| F|  |TAMS 0x0000000712800000| PB 0x0000000712800000| Untracked |  0
|  96|0x0000000712a00000, 0x0000000712a00000, 0x0000000712c00000|  0%| F|  |TAMS 0x0000000712a00000| PB 0x0000000712a00000| Untracked |  0
|  97|0x0000000712c00000, 0x0000000712c00000, 0x0000000712e00000|  0%| F|  |TAMS 0x0000000712c00000| PB 0x0000000712c00000| Untracked |  0
|  98|0x0000000712e00000, 0x0000000712e00000, 0x0000000713000000|  0%| F|  |TAMS 0x0000000712e00000| PB 0x0000000712e00000| Untracked |  0
|  99|0x0000000713000000, 0x0000000713000000, 0x0000000713200000|  0%| F|  |TAMS 0x0000000713000000| PB 0x0000000713000000| Untracked |  0
| 100|0x0000000713200000, 0x0000000713200000, 0x0000000713400000|  0%| F|  |TAMS 0x0000000713200000| PB 0x0000000713200000| Untracked |  0
| 101|0x0000000713400000, 0x0000000713400000, 0x0000000713600000|  0%| F|  |TAMS 0x0000000713400000| PB 0x0000000713400000| Untracked |  0
| 102|0x0000000713600000, 0x0000000713600000, 0x0000000713800000|  0%| F|  |TAMS 0x0000000713600000| PB 0x0000000713600000| Untracked |  0
| 103|0x0000000713800000, 0x0000000713800000, 0x0000000713a00000|  0%| F|  |TAMS 0x0000000713800000| PB 0x0000000713800000| Untracked |  0
| 104|0x0000000713a00000, 0x0000000713a00000, 0x0000000713c00000|  0%| F|  |TAMS 0x0000000713a00000| PB 0x0000000713a00000| Untracked |  0
| 105|0x0000000713c00000, 0x0000000713c00000, 0x0000000713e00000|  0%| F|  |TAMS 0x0000000713c00000| PB 0x0000000713c00000| Untracked |  0
| 106|0x0000000713e00000, 0x0000000713e00000, 0x0000000714000000|  0%| F|  |TAMS 0x0000000713e00000| PB 0x0000000713e00000| Untracked |  0
| 107|0x0000000714000000, 0x0000000714000000, 0x0000000714200000|  0%| F|  |TAMS 0x0000000714000000| PB 0x0000000714000000| Untracked |  0
| 108|0x0000000714200000, 0x0000000714200000, 0x0000000714400000|  0%| F|  |TAMS 0x0000000714200000| PB 0x0000000714200000| Untracked |  0
| 109|0x0000000714400000, 0x0000000714400000, 0x0000000714600000|  0%| F|  |TAMS 0x0000000714400000| PB 0x0000000714400000| Untracked |  0
| 110|0x0000000714600000, 0x0000000714600000, 0x0000000714800000|  0%| F|  |TAMS 0x0000000714600000| PB 0x0000000714600000| Untracked |  0
| 111|0x0000000714800000, 0x0000000714800000, 0x0000000714a00000|  0%| F|  |TAMS 0x0000000714800000| PB 0x0000000714800000| Untracked |  0
| 112|0x0000000714a00000, 0x0000000714a00000, 0x0000000714c00000|  0%| F|  |TAMS 0x0000000714a00000| PB 0x0000000714a00000| Untracked |  0
| 113|0x0000000714c00000, 0x0000000714c00000, 0x0000000714e00000|  0%| F|  |TAMS 0x0000000714c00000| PB 0x0000000714c00000| Untracked |  0
| 114|0x0000000714e00000, 0x0000000714e00000, 0x0000000715000000|  0%| F|  |TAMS 0x0000000714e00000| PB 0x0000000714e00000| Untracked |  0
| 115|0x0000000715000000, 0x0000000715000000, 0x0000000715200000|  0%| F|  |TAMS 0x0000000715000000| PB 0x0000000715000000| Untracked |  0
| 116|0x0000000715200000, 0x0000000715200000, 0x0000000715400000|  0%| F|  |TAMS 0x0000000715200000| PB 0x0000000715200000| Untracked |  0
| 117|0x0000000715400000, 0x0000000715400000, 0x0000000715600000|  0%| F|  |TAMS 0x0000000715400000| PB 0x0000000715400000| Untracked |  0
| 118|0x0000000715600000, 0x0000000715600000, 0x0000000715800000|  0%| F|  |TAMS 0x0000000715600000| PB 0x0000000715600000| Untracked |  0
| 119|0x0000000715800000, 0x0000000715800000, 0x0000000715a00000|  0%| F|  |TAMS 0x0000000715800000| PB 0x0000000715800000| Untracked |  0
| 120|0x0000000715a00000, 0x0000000715a00000, 0x0000000715c00000|  0%| F|  |TAMS 0x0000000715a00000| PB 0x0000000715a00000| Untracked |  0
| 121|0x0000000715c00000, 0x0000000715c70e48, 0x0000000715e00000| 22%| E|  |TAMS 0x0000000715c00000| PB 0x0000000715c00000| Complete |  0
| 122|0x0000000715e00000, 0x0000000716000000, 0x0000000716000000|100%| E|CS|TAMS 0x0000000715e00000| PB 0x0000000715e00000| Complete |  0
| 123|0x0000000716000000, 0x0000000716200000, 0x0000000716200000|100%| E|CS|TAMS 0x0000000716000000| PB 0x0000000716000000| Complete |  0
| 124|0x0000000716200000, 0x0000000716400000, 0x0000000716400000|100%| E|CS|TAMS 0x0000000716200000| PB 0x0000000716200000| Complete |  0
|1994|0x00000007ffe00000, 0x00000007fff08750, 0x0000000800000000| 51%| O|  |TAMS 0x00000007ffe00000| PB 0x00000007ffe00000| Untracked |  0

Card table byte_map: [0x000074c18cc00000,0x000074c18d3cb000] _byte_map_base: 0x000074c1893cb000

Marking Bits: (CMBitMap*) 0x000074c188081960
 Bits: [0x000074c16c800000, 0x000074c170658000)

Polling page: 0x000074c190148000

Metaspace:

Usage:
  Non-class:      2.20 MB used.
      Class:    236.91 KB used.
       Both:      2.43 MB used.

Virtual space:
  Non-class space:       64.00 MB reserved,       2.25 MB (  4%) committed,  1 nodes.
      Class space:        1.00 GB reserved,     320.00 KB ( <1%) committed,  1 nodes.
             Both:        1.06 GB reserved,       2.56 MB ( <1%) committed. 

Chunk freelists:
   Non-Class:  11.19 MB
       Class:  15.64 MB
        Both:  26.83 MB

MaxMetaspaceSize: unlimited
CompressedClassSpaceSize: 1.00 GB
Initial GC threshold: 21.00 MB
Current GC threshold: 21.00 MB
CDS: on
 - commit_granule_bytes: 65536.
 - commit_granule_words: 8192.
 - virtual_space_node_default_size: 8388608.
 - enlarge_chunks_in_place: 1.
 - use_allocation_guard: 0.


Internal statistics:

num_allocs_failed_limit: 0.
num_arena_births: 38.
num_arena_deaths: 0.
num_vsnodes_births: 2.
num_vsnodes_deaths: 0.
num_space_committed: 41.
num_space_uncommitted: 0.
num_chunks_returned_to_freelist: 0.
num_chunks_taken_from_freelist: 86.
num_chunk_merges: 0.
num_chunk_splits: 55.
num_chunks_enlarged: 40.
num_inconsistent_stats: 0.

CodeHeap 'non-profiled nmethods': size=120032Kb used=161Kb max_used=161Kb free=119870Kb
 bounds [0x000074c1782c8000, 0x000074c178538000, 0x000074c17f800000]
CodeHeap 'profiled nmethods': size=120028Kb used=765Kb max_used=765Kb free=119263Kb
 bounds [0x000074c170800000, 0x000074c170a70000, 0x000074c177d37000]
CodeHeap 'non-nmethods': size=5700Kb used=1502Kb max_used=1516Kb free=4197Kb
 bounds [0x000074c177d37000, 0x000074c177fa7000, 0x000074c1782c8000]
 total_blobs=1067 nmethods=571 adapters=402
 compilation: enabled
              stopped_count=0, restarted_count=0
 full_count=0

Compilation events (20 events):
Event: 0.088 Thread 0x000074c188162f30 nmethod 563 0x000074c1782ef810 code [0x000074c1782ef9a0, 0x000074c1782efa68]
Event: 0.088 Thread 0x000074c188162f30  564       1       java.util.jar.Attributes$Name::hashCode (5 bytes)
Event: 0.088 Thread 0x000074c188162f30 nmethod 564 0x000074c1782efb10 code [0x000074c1782efca0, 0x000074c1782efd60]
Event: 0.088 Thread 0x000074c188162f30  565       3       sun.nio.fs.UnixPath::checkNotNul (16 bytes)
Event: 0.088 Thread 0x000074c188162f30 nmethod 565 0x000074c1708bc590 code [0x000074c1708bc740, 0x000074c1708bc8e8]
Event: 0.089 Thread 0x000074c188161810 nmethod 547 0x000074c1782efe10 code [0x000074c1782eff80, 0x000074c1782f0100]
Event: 0.089 Thread 0x000074c188161810  535       4       java.lang.StringLatin1::lastIndexOf (40 bytes)
Event: 0.089 Thread 0x000074c188162f30  567       3       java.util.regex.Pattern::has (15 bytes)
Event: 0.089 Thread 0x000074c188162f30 nmethod 567 0x000074c1708bc990 code [0x000074c1708bcb20, 0x000074c1708bcc80]
Event: 0.089 Thread 0x000074c188162f30  568       3       java.util.regex.Pattern::isSupplementary (21 bytes)
Event: 0.089 Thread 0x000074c188162f30 nmethod 568 0x000074c1708bcd10 code [0x000074c1708bcea0, 0x000074c1708bd0f0]
Event: 0.089 Thread 0x000074c188162f30  569       3       java.lang.Character::isSurrogate (18 bytes)
Event: 0.089 Thread 0x000074c188162f30 nmethod 569 0x000074c1708bd190 code [0x000074c1708bd320, 0x000074c1708bd490]
Event: 0.089 Thread 0x000074c188162f30  570       3       java.net.URI::match (56 bytes)
Event: 0.089 Thread 0x000074c188162f30 nmethod 570 0x000074c1708bd510 code [0x000074c1708bd6c0, 0x000074c1708bd988]
Event: 0.089 Thread 0x000074c188162f30  566       3       org.bytedeco.javacpp.ClassProperties::get (30 bytes)
Event: 0.089 Thread 0x000074c188162f30 nmethod 566 0x000074c1708bda10 code [0x000074c1708bdc00, 0x000074c1708be248]
Event: 0.089 Thread 0x000074c188162f30  571       3       java.lang.StringConcatHelper::newString (67 bytes)
Event: 0.089 Thread 0x000074c188161810 nmethod 535 0x000074c1782f0210 code [0x000074c1782f0380, 0x000074c1782f0548]
Event: 0.089 Thread 0x000074c188162f30 nmethod 571 0x000074c1708be490 code [0x000074c1708be700, 0x000074c1708bf0a8]

GC Heap History (0 events):
No events

Dll operation events (11 events):
Event: 0.001 Loaded shared library /usr/lib/jvm/java-22-openjdk/lib/libjava.so
Event: 0.016 Loaded shared library /usr/lib/jvm/java-22-openjdk/lib/libjsvml.so
Event: 0.033 Loaded shared library /usr/lib/jvm/java-22-openjdk/lib/libzip.so
Event: 0.034 Loaded shared library /usr/lib/jvm/java-22-openjdk/lib/libinstrument.so
Event: 0.035 Loaded shared library /usr/lib/jvm/java-22-openjdk/lib/libnio.so
Event: 0.036 Loaded shared library /usr/lib/jvm/java-22-openjdk/lib/libzip.so
Event: 0.041 Loaded shared library /usr/lib/jvm/java-22-openjdk/lib/libnet.so
Event: 0.043 Loaded shared library /usr/lib/jvm/java-22-openjdk/lib/libextnet.so
Event: 0.053 Loaded shared library /usr/lib/jvm/java-22-openjdk/lib/libjimage.so
Event: 0.067 Loaded shared library /usr/lib/libX11.so.6.4.0
Event: 0.078 Loaded shared library /home/adam/.javacpp/cache/jaylib-5.0.0-0.jar/com/raylib/linux-x86_64/libjniRaylib.so

Deoptimization events (12 events):
Event: 0.061 Thread 0x000074c188018cf0 Uncommon trap: trap_request=0xffffffde fr.pc=0x000074c1782d7464 relative=0x0000000000000524
Event: 0.061 Thread 0x000074c188018cf0 Uncommon trap: reason=class_check action=maybe_recompile pc=0x000074c1782d7464 method=java.util.HashMap.putVal(ILjava/lang/Object;Ljava/lang/Object;ZZ)Ljava/lang/Object; @ 253 c2
Event: 0.061 Thread 0x000074c188018cf0 DEOPT PACKING pc=0x000074c1782d7464 sp=0x000074c18e5fd0a0
Event: 0.061 Thread 0x000074c188018cf0 DEOPT UNPACKING pc=0x000074c177d8e619 sp=0x000074c18e5fd060 mode 2
Event: 0.061 Thread 0x000074c188018cf0 Uncommon trap: trap_request=0xffffff45 fr.pc=0x000074c1782d7a24 relative=0x0000000000000ae4
Event: 0.061 Thread 0x000074c188018cf0 Uncommon trap: reason=unstable_if action=reinterpret pc=0x000074c1782d7a24 method=java.util.HashMap.putVal(ILjava/lang/Object;Ljava/lang/Object;ZZ)Ljava/lang/Object; @ 181 c2
Event: 0.061 Thread 0x000074c188018cf0 DEOPT PACKING pc=0x000074c1782d7a24 sp=0x000074c18e5fd0a0
Event: 0.061 Thread 0x000074c188018cf0 DEOPT UNPACKING pc=0x000074c177d8e619 sp=0x000074c18e5fd060 mode 2
Event: 0.083 Thread 0x000074c188018cf0 DEOPT PACKING pc=0x000074c170838950 sp=0x000074c18e5fc140
Event: 0.083 Thread 0x000074c188018cf0 DEOPT UNPACKING pc=0x000074c177d8f14f sp=0x000074c18e5fb580 mode 0
Event: 0.086 Thread 0x000074c188018cf0 DEOPT PACKING pc=0x000074c170829549 sp=0x000074c18e5fc260
Event: 0.086 Thread 0x000074c188018cf0 DEOPT UNPACKING pc=0x000074c177d8f14f sp=0x000074c18e5fb6e8 mode 0

Classes loaded (20 events):
Event: 0.076 Loading class java/time/Year
Event: 0.076 Loading class java/time/Year done
Event: 0.080 Loading class java/lang/NumberFormatException
Event: 0.080 Loading class java/lang/NumberFormatException done
Event: 0.081 Loading class java/lang/ProcessEnvironment
Event: 0.081 Loading class java/lang/ProcessEnvironment done
Event: 0.081 Loading class java/lang/ProcessEnvironment$Variable
Event: 0.081 Loading class java/lang/ProcessEnvironment$ExternalData
Event: 0.082 Loading class java/lang/ProcessEnvironment$ExternalData done
Event: 0.082 Loading class java/lang/ProcessEnvironment$Variable done
Event: 0.082 Loading class java/lang/ProcessImpl
Event: 0.082 Loading class java/lang/Process
Event: 0.082 Loading class java/lang/Process done
Event: 0.082 Loading class java/lang/ProcessImpl done
Event: 0.082 Loading class java/lang/ProcessImpl$LaunchMechanism
Event: 0.082 Loading class java/lang/ProcessImpl$LaunchMechanism done
Event: 0.082 Loading class java/lang/ProcessEnvironment$Value
Event: 0.082 Loading class java/lang/ProcessEnvironment$Value done
Event: 0.082 Loading class java/lang/ProcessEnvironment$StringEnvironment
Event: 0.082 Loading class java/lang/ProcessEnvironment$StringEnvironment done

Classes unloaded (0 events):
No events

Classes redefined (0 events):
No events

Internal exceptions (9 events):
Event: 0.037 Thread 0x000074c188018cf0 Exception <a 'java/lang/NoSuchMethodError'{0x0000000716040ba0}: 'void java.lang.invoke.DirectMethodHandle$Holder.invokeStatic(java.lang.Object, java.lang.Object, java.lang.Object)'> (0x0000000716040ba0) 
thrown [/usr/src/debug/java-openjdk/jdk22u-jdk-22.0.1-0/src/hotspot/share/interpreter/linkResolver.cpp, line 773]
Event: 0.039 Thread 0x000074c188018cf0 Exception <a 'java/lang/NoSuchMethodError'{0x00000007160584c8}: 'java.lang.Object java.lang.invoke.Invokers$Holder.invokeExact_MT(java.lang.Object, java.lang.Object, java.lang.Object, java.lang.Object, java.lang.Object)'> (0x00000007160584c8) 
thrown [/usr/src/debug/java-openjdk/jdk22u-jdk-22.0.1-0/src/hotspot/share/interpreter/linkResolver.cpp, line 773]
Event: 0.043 Thread 0x000074c18829efa0 Exception <a 'java/lang/NoSuchMethodError'{0x0000000716078658}: 'void java.lang.invoke.DirectMethodHandle$Holder.invokeStatic(java.lang.Object, java.lang.Object)'> (0x0000000716078658) 
thrown [/usr/src/debug/java-openjdk/jdk22u-jdk-22.0.1-0/src/hotspot/share/interpreter/linkResolver.cpp, line 773]
Event: 0.049 Thread 0x000074c188018cf0 Exception <a 'java/lang/NoSuchMethodError'{0x0000000716180788}: 'int java.lang.invoke.DirectMethodHandle$Holder.invokeStaticInit(java.lang.Object, java.lang.Object, java.lang.Object, java.lang.Object)'> (0x0000000716180788) 
thrown [/usr/src/debug/java-openjdk/jdk22u-jdk-22.0.1-0/src/hotspot/share/interpreter/linkResolver.cpp, line 773]
Event: 0.050 Thread 0x000074c188018cf0 Exception <a 'java/lang/NoSuchMethodError'{0x0000000716189618}: 'java.lang.Object java.lang.invoke.DirectMethodHandle$Holder.invokeInterface(java.lang.Object, java.lang.Object)'> (0x0000000716189618) 
thrown [/usr/src/debug/java-openjdk/jdk22u-jdk-22.0.1-0/src/hotspot/share/interpreter/linkResolver.cpp, line 773]
Event: 0.050 Thread 0x000074c188018cf0 Exception <a 'java/lang/IncompatibleClassChangeError'{0x000000071618c890}: Found class java.lang.Object, but interface was expected> (0x000000071618c890) 
thrown [/usr/src/debug/java-openjdk/jdk22u-jdk-22.0.1-0/src/hotspot/share/interpreter/linkResolver.cpp, line 841]
Event: 0.050 Thread 0x000074c188018cf0 Exception <a 'java/lang/NoSuchMethodError'{0x000000071618f428}: 'void java.lang.invoke.DirectMethodHandle$Holder.invokeStaticInit(java.lang.Object, java.lang.Object)'> (0x000000071618f428) 
thrown [/usr/src/debug/java-openjdk/jdk22u-jdk-22.0.1-0/src/hotspot/share/interpreter/linkResolver.cpp, line 773]
Event: 0.051 Thread 0x000074c188018cf0 Exception <a 'java/lang/NoSuchMethodError'{0x0000000716194918}: 'int java.lang.invoke.DirectMethodHandle$Holder.invokeStaticInit(java.lang.Object, java.lang.Object)'> (0x0000000716194918) 
thrown [/usr/src/debug/java-openjdk/jdk22u-jdk-22.0.1-0/src/hotspot/share/interpreter/linkResolver.cpp, line 773]
Event: 0.075 Thread 0x000074c188018cf0 Exception <a 'java/lang/NoSuchMethodError'{0x0000000715ef0aa8}: 'java.lang.Object java.lang.invoke.DirectMethodHandle$Holder.invokeStatic(java.lang.Object, int, java.lang.Object)'> (0x0000000715ef0aa8) 
thrown [/usr/src/debug/java-openjdk/jdk22u-jdk-22.0.1-0/src/hotspot/share/interpreter/linkResolver.cpp, line 773]

ZGC Phase Switch (0 events):
No events

VM Operations (2 events):
Event: 0.028 Executing VM operation: HandshakeAllThreads (Deoptimize)
Event: 0.028 Executing VM operation: HandshakeAllThreads (Deoptimize) done

Events (20 events):
Event: 0.015 Thread 0x000074c18815b5f0 Thread added: 0x000074c18815b5f0
Event: 0.015 Protecting memory [0x000074c16c1ff000,0x000074c16c203000] with protection modes 0
Event: 0.015 Thread 0x000074c18815d0e0 Thread added: 0x000074c18815d0e0
Event: 0.015 Protecting memory [0x000074c16c0fe000,0x000074c16c102000] with protection modes 0
Event: 0.015 Thread 0x000074c18815e730 Thread added: 0x000074c18815e730
Event: 0.015 Protecting memory [0x000074c165f00000,0x000074c165f04000] with protection modes 0
Event: 0.015 Thread 0x000074c18815fce0 Thread added: 0x000074c18815fce0
Event: 0.015 Protecting memory [0x000074c165dff000,0x000074c165e03000] with protection modes 0
Event: 0.015 Thread 0x000074c188161810 Thread added: 0x000074c188161810
Event: 0.015 Protecting memory [0x000074c165cfe000,0x000074c165d02000] with protection modes 0
Event: 0.015 Thread 0x000074c188162f30 Thread added: 0x000074c188162f30
Event: 0.016 Protecting memory [0x000074c165bfd000,0x000074c165c01000] with protection modes 0
Event: 0.025 Thread 0x000074c1881b4c70 Thread added: 0x000074c1881b4c70
Event: 0.025 Protecting memory [0x000074c165afc000,0x000074c165b00000] with protection modes 0
Event: 0.040 Thread 0x000074c18829efa0 Thread added: 0x000074c18829efa0
Event: 0.041 Protecting memory [0x000074c1659fb000,0x000074c1659ff000] with protection modes 0
Event: 0.041 Thread 0x000074c1882a1290 Thread added: 0x000074c1882a1290
Event: 0.041 Protecting memory [0x000074c1658fa000,0x000074c1658fe000] with protection modes 0
Event: 0.081 Thread 0x000074c1883218c0 Thread added: 0x000074c1883218c0
Event: 0.081 Protecting memory [0x000074c165300000,0x000074c165304000] with protection modes 0


Dynamic libraries:
706a00000-716400000 rw-p 00000000 00:00 0 
716400000-7ffe00000 ---p 00000000 00:00 0 
7ffe00000-7fff09000 rw-p 00cb6000 00:19 1466728                          /usr/lib/jvm/java-22-openjdk/lib/server/classes.jsa
7fff09000-800000000 rw-p 00000000 00:00 0 
576576492000-576576493000 r--p 00000000 00:19 1466453                    /usr/lib/jvm/java-22-openjdk/bin/java
576576493000-576576494000 r-xp 00001000 00:19 1466453                    /usr/lib/jvm/java-22-openjdk/bin/java
576576494000-576576495000 r--p 00002000 00:19 1466453                    /usr/lib/jvm/java-22-openjdk/bin/java
576576495000-576576496000 r--p 00002000 00:19 1466453                    /usr/lib/jvm/java-22-openjdk/bin/java
576576496000-576576497000 rw-p 00003000 00:19 1466453                    /usr/lib/jvm/java-22-openjdk/bin/java
57658886f000-5765888b7000 rw-p 00000000 00:00 0                          [heap]
74c0bc000000-74c0bc021000 rw-p 00000000 00:00 0 
74c0bc021000-74c0c0000000 ---p 00000000 00:00 0 
74c0c0000000-74c0c0021000 rw-p 00000000 00:00 0 
74c0c0021000-74c0c4000000 ---p 00000000 00:00 0 
74c0c8000000-74c0c8021000 rw-p 00000000 00:00 0 
74c0c8021000-74c0cc000000 ---p 00000000 00:00 0 
74c0cc000000-74c0cc021000 rw-p 00000000 00:00 0 
74c0cc021000-74c0d0000000 ---p 00000000 00:00 0 
74c0d4000000-74c0d40c6000 rw-p 00000000 00:00 0 
74c0d40c6000-74c0d8000000 ---p 00000000 00:00 0 
74c0d8000000-74c0d8175000 rw-p 00000000 00:00 0 
74c0d8175000-74c0dc000000 ---p 00000000 00:00 0 
74c0e0000000-74c0e0021000 rw-p 00000000 00:00 0 
74c0e0021000-74c0e4000000 ---p 00000000 00:00 0 
74c0e4000000-74c0e4021000 rw-p 00000000 00:00 0 
74c0e4021000-74c0e8000000 ---p 00000000 00:00 0 
74c0ec000000-74c0ec021000 rw-p 00000000 00:00 0 
74c0ec021000-74c0f0000000 ---p 00000000 00:00 0 
74c0f0000000-74c0f0021000 rw-p 00000000 00:00 0 
74c0f0021000-74c0f4000000 ---p 00000000 00:00 0 
74c0f8000000-74c0f8021000 rw-p 00000000 00:00 0 
74c0f8021000-74c0fc000000 ---p 00000000 00:00 0 
74c0fc000000-74c0fc021000 rw-p 00000000 00:00 0 
74c0fc021000-74c100000000 ---p 00000000 00:00 0 
74c104000000-74c104170000 rw-p 00000000 00:00 0 
74c104170000-74c104400000 ---p 00000000 00:00 0 
74c104400000-74c1044d0000 rw-p 00000000 00:00 0 
74c1044d0000-74c108000000 ---p 00000000 00:00 0 
74c108000000-74c108021000 rw-p 00000000 00:00 0 
74c108021000-74c10c000000 ---p 00000000 00:00 0 
74c10e000000-74c10ec77000 rw-p 00001000 00:19 1466728                    /usr/lib/jvm/java-22-openjdk/lib/server/classes.jsa
74c10ec77000-74c10f000000 ---p 00000000 00:00 0 
74c10f000000-74c10f020000 rw-p 00000000 00:00 0 
74c10f020000-74c10f040000 ---p 00000000 00:00 0 
74c10f040000-74c10f070000 rw-p 00000000 00:00 0 
74c10f070000-74c14f000000 ---p 00000000 00:00 0 
74c150000000-74c150021000 rw-p 00000000 00:00 0 
74c150021000-74c154000000 ---p 00000000 00:00 0 
74c154000000-74c154021000 rw-p 00000000 00:00 0 
74c154021000-74c158000000 ---p 00000000 00:00 0 
74c15c000000-74c15c021000 rw-p 00000000 00:00 0 
74c15c021000-74c160000000 ---p 00000000 00:00 0 
74c160000000-74c160021000 rw-p 00000000 00:00 0 
74c160021000-74c164000000 ---p 00000000 00:00 0 
74c1652ff000-74c165300000 ---p 00000000 00:00 0 
74c165300000-74c165304000 ---p 00000000 00:00 0 
74c165304000-74c165400000 rw-p 00000000 00:00 0 
74c165400000-74c16546d000 r--p 00000000 00:19 1510030                    /home/adam/.javacpp/cache/jaylib-5.0.0-0.jar/com/raylib/linux-x86_64/libjniRaylib.so
74c16546d000-74c1656c0000 r-xp 0006d000 00:19 1510030                    /home/adam/.javacpp/cache/jaylib-5.0.0-0.jar/com/raylib/linux-x86_64/libjniRaylib.so
74c1656c0000-74c165758000 r--p 002c0000 00:19 1510030                    /home/adam/.javacpp/cache/jaylib-5.0.0-0.jar/com/raylib/linux-x86_64/libjniRaylib.so
74c165758000-74c165759000 ---p 00358000 00:19 1510030                    /home/adam/.javacpp/cache/jaylib-5.0.0-0.jar/com/raylib/linux-x86_64/libjniRaylib.so
74c165759000-74c16575a000 r--p 00358000 00:19 1510030                    /home/adam/.javacpp/cache/jaylib-5.0.0-0.jar/com/raylib/linux-x86_64/libjniRaylib.so
74c16575a000-74c165764000 rw-p 00359000 00:19 1510030                    /home/adam/.javacpp/cache/jaylib-5.0.0-0.jar/com/raylib/linux-x86_64/libjniRaylib.so
74c165764000-74c16579d000 rw-p 00000000 00:00 0 
74c1657bb000-74c1657d2000 r--p 00000000 00:19 333065                     /usr/lib/libX11.so.6.4.0
74c1657d2000-74c16585d000 r-xp 00017000 00:19 333065                     /usr/lib/libX11.so.6.4.0
74c16585d000-74c1658f2000 r--p 000a2000 00:19 333065                     /usr/lib/libX11.so.6.4.0
74c1658f2000-74c1658f5000 r--p 00136000 00:19 333065                     /usr/lib/libX11.so.6.4.0
74c1658f5000-74c1658f9000 rw-p 00139000 00:19 333065                     /usr/lib/libX11.so.6.4.0
74c1658f9000-74c1658fa000 ---p 00000000 00:00 0 
74c1658fa000-74c1658fe000 ---p 00000000 00:00 0 
74c1658fe000-74c1659fa000 rw-p 00000000 00:00 0 
74c1659fa000-74c1659fb000 ---p 00000000 00:00 0 
74c1659fb000-74c1659ff000 ---p 00000000 00:00 0 
74c1659ff000-74c165afb000 rw-p 00000000 00:00 0 
74c165afb000-74c165afc000 ---p 00000000 00:00 0 
74c165afc000-74c165b00000 ---p 00000000 00:00 0 
74c165b00000-74c165bfc000 rw-p 00000000 00:00 0 
74c165bfc000-74c165bfd000 ---p 00000000 00:00 0 
74c165bfd000-74c165c01000 ---p 00000000 00:00 0 
74c165c01000-74c165cfd000 rw-p 00000000 00:00 0 
74c165cfd000-74c165cfe000 ---p 00000000 00:00 0 
74c165cfe000-74c165d02000 ---p 00000000 00:00 0 
74c165d02000-74c165dfe000 rw-p 00000000 00:00 0 
74c165dfe000-74c165dff000 ---p 00000000 00:00 0 
74c165dff000-74c165e03000 ---p 00000000 00:00 0 
74c165e03000-74c165eff000 rw-p 00000000 00:00 0 
74c165eff000-74c165f00000 ---p 00000000 00:00 0 
74c165f00000-74c165f04000 ---p 00000000 00:00 0 
74c165f04000-74c166000000 rw-p 00000000 00:00 0 
74c166000000-74c168021000 rw-p 00000000 00:00 0 
74c168021000-74c16c000000 ---p 00000000 00:00 0 
74c16c02c000-74c16c031000 r--p 00000000 00:19 1466701                    /usr/lib/jvm/java-22-openjdk/lib/libjsvml.so
74c16c031000-74c16c072000 r-xp 00005000 00:19 1466701                    /usr/lib/jvm/java-22-openjdk/lib/libjsvml.so
74c16c072000-74c16c0fb000 r--p 00046000 00:19 1466701                    /usr/lib/jvm/java-22-openjdk/lib/libjsvml.so
74c16c0fb000-74c16c0fc000 r--p 000ce000 00:19 1466701                    /usr/lib/jvm/java-22-openjdk/lib/libjsvml.so
74c16c0fc000-74c16c0fd000 rw-p 000cf000 00:19 1466701                    /usr/lib/jvm/java-22-openjdk/lib/libjsvml.so
74c16c0fd000-74c16c0fe000 ---p 00000000 00:00 0 
74c16c0fe000-74c16c102000 ---p 00000000 00:00 0 
74c16c102000-74c16c1fe000 rw-p 00000000 00:00 0 
74c16c1fe000-74c16c1ff000 ---p 00000000 00:00 0 
74c16c1ff000-74c16c203000 ---p 00000000 00:00 0 
74c16c203000-74c16c2ff000 rw-p 00000000 00:00 0 
74c16c2ff000-74c16c300000 ---p 00000000 00:00 0 
74c16c300000-74c16c304000 ---p 00000000 00:00 0 
74c16c304000-74c16c400000 rw-p 00000000 00:00 0 
74c16c400000-74c16c6eb000 r--p 00000000 00:19 555789                     /usr/lib/locale/locale-archive
74c16c6ff000-74c16c700000 ---p 00000000 00:00 0 
74c16c700000-74c16c800000 rw-p 00000000 00:00 0 
74c16c800000-74c16cbe8000 rw-p 00000000 00:00 0 
74c16cbe8000-74c170650000 ---p 00000000 00:00 0 
74c170650000-74c170658000 rw-p 00000000 00:00 0 
74c1706fe000-74c170800000 rw-p 00000000 00:00 0 
74c170800000-74c170a70000 rwxp 00000000 00:00 0 
74c170a70000-74c177d37000 ---p 00000000 00:00 0 
74c177d37000-74c177fa7000 rwxp 00000000 00:00 0 
74c177fa7000-74c1782c8000 ---p 00000000 00:00 0 
74c1782c8000-74c178538000 rwxp 00000000 00:00 0 
74c178538000-74c17f800000 ---p 00000000 00:00 0 
74c17f800000-74c187ea0000 r--s 00000000 00:19 1466719                    /usr/lib/jvm/java-22-openjdk/lib/modules
74c187ec1000-74c1883cb000 rw-p 00000000 00:00 0 
74c1883cb000-74c18c000000 ---p 00000000 00:00 0 
74c18c019000-74c18c01a000 ---p 00000000 00:00 0 
74c18c01a000-74c18c11a000 rw-p 00000000 00:00 0 
74c18c11a000-74c18c1f6000 rw-p 00000000 00:00 0 
74c18c1f6000-74c18c1f7000 ---p 00000000 00:00 0 
74c18c1f7000-74c18c2f7000 rw-p 00000000 00:00 0 
74c18c2f7000-74c18c2f8000 ---p 00000000 00:00 0 
74c18c2f8000-74c18c3f8000 rw-p 00000000 00:00 0 
74c18c3f8000-74c18c9fe000 rw-p 00000000 00:00 0 
74c18c9fe000-74c18c9ff000 ---p 00000000 00:00 0 
74c18c9ff000-74c18caff000 rw-p 00000000 00:00 0 
74c18caff000-74c18cb00000 ---p 00000000 00:00 0 
74c18cb00000-74c18cc00000 rw-p 00000000 00:00 0 
74c18cc00000-74c18cc7d000 rw-p 00000000 00:00 0 
74c18cc7d000-74c18d3ca000 ---p 00000000 00:00 0 
74c18d3ca000-74c18d3cb000 rw-p 00000000 00:00 0 
74c18d3d5000-74c18d3e1000 r--p 00000000 00:19 472773                     /usr/lib/libxcb.so.1.1.0
74c18d3e1000-74c18d3f5000 r-xp 0000c000 00:19 472773                     /usr/lib/libxcb.so.1.1.0
74c18d3f5000-74c18d3fe000 r--p 00020000 00:19 472773                     /usr/lib/libxcb.so.1.1.0
74c18d3fe000-74c18d3ff000 r--p 00028000 00:19 472773                     /usr/lib/libxcb.so.1.1.0
74c18d3ff000-74c18d400000 rw-p 00029000 00:19 472773                     /usr/lib/libxcb.so.1.1.0
74c18d400000-74c18d47d000 rw-p 00000000 00:00 0 
74c18d47d000-74c18dbca000 ---p 00000000 00:00 0 
74c18dbca000-74c18dbcb000 rw-p 00000000 00:00 0 
74c18dbcc000-74c18dbcd000 r--p 00000000 00:19 555103                     /usr/lib/libpthread.so.0
74c18dbcd000-74c18dbce000 r-xp 00001000 00:19 555103                     /usr/lib/libpthread.so.0
74c18dbce000-74c18dbcf000 r--p 00002000 00:19 555103                     /usr/lib/libpthread.so.0
74c18dbcf000-74c18dbd0000 r--p 00002000 00:19 555103                     /usr/lib/libpthread.so.0
74c18dbd0000-74c18dbd1000 rw-p 00003000 00:19 555103                     /usr/lib/libpthread.so.0
74c18dbd1000-74c18dbd3000 r--p 00000000 00:19 219460                     /usr/lib/libXdmcp.so.6.0.0
74c18dbd3000-74c18dbd5000 r-xp 00002000 00:19 219460                     /usr/lib/libXdmcp.so.6.0.0
74c18dbd5000-74c18dbd7000 r--p 00004000 00:19 219460                     /usr/lib/libXdmcp.so.6.0.0
74c18dbd7000-74c18dbd8000 r--p 00005000 00:19 219460                     /usr/lib/libXdmcp.so.6.0.0
74c18dbd8000-74c18dbd9000 rw-p 00006000 00:19 219460                     /usr/lib/libXdmcp.so.6.0.0
74c18dbf7000-74c18dbfe000 r--s 00000000 00:19 555792                     /usr/lib/gconv/gconv-modules.cache
74c18dbfe000-74c18dc01000 r--p 00000000 00:19 1466708                    /usr/lib/jvm/java-22-openjdk/lib/libnet.so
74c18dc01000-74c18dc08000 r-xp 00003000 00:19 1466708                    /usr/lib/jvm/java-22-openjdk/lib/libnet.so
74c18dc08000-74c18dc0a000 r--p 0000a000 00:19 1466708                    /usr/lib/jvm/java-22-openjdk/lib/libnet.so
74c18dc0a000-74c18dc0b000 r--p 0000b000 00:19 1466708                    /usr/lib/jvm/java-22-openjdk/lib/libnet.so
74c18dc0b000-74c18dc0c000 rw-p 0000c000 00:19 1466708                    /usr/lib/jvm/java-22-openjdk/lib/libnet.so
74c18dc0c000-74c18dc13000 r--p 00000000 00:19 1466709                    /usr/lib/jvm/java-22-openjdk/lib/libnio.so
74c18dc13000-74c18dc1c000 r-xp 00007000 00:19 1466709                    /usr/lib/jvm/java-22-openjdk/lib/libnio.so
74c18dc1c000-74c18dc21000 r--p 00010000 00:19 1466709                    /usr/lib/jvm/java-22-openjdk/lib/libnio.so
74c18dc21000-74c18dc22000 r--p 00014000 00:19 1466709                    /usr/lib/jvm/java-22-openjdk/lib/libnio.so
74c18dc22000-74c18dc23000 rw-p 00015000 00:19 1466709                    /usr/lib/jvm/java-22-openjdk/lib/libnio.so
74c18dc23000-74c18dc24000 ---p 00000000 00:00 0 
74c18dc24000-74c18dd24000 rw-p 00000000 00:00 0 
74c18dd24000-74c18e32f000 rw-p 00000000 00:00 0 
74c18e32f000-74c18e415000 ---p 00000000 00:00 0 
74c18e415000-74c18e41a000 rw-p 00000000 00:00 0 
74c18e41a000-74c18e500000 ---p 00000000 00:00 0 
74c18e500000-74c18e504000 ---p 00000000 00:00 0 
74c18e504000-74c18e600000 rw-p 00000000 00:00 0 
74c18e600000-74c18e697000 r--p 00000000 00:19 555832                     /usr/lib/libstdc++.so.6.0.33
74c18e697000-74c18e7e3000 r-xp 00097000 00:19 555832                     /usr/lib/libstdc++.so.6.0.33
74c18e7e3000-74c18e873000 r--p 001e3000 00:19 555832                     /usr/lib/libstdc++.so.6.0.33
74c18e873000-74c18e880000 r--p 00273000 00:19 555832                     /usr/lib/libstdc++.so.6.0.33
74c18e880000-74c18e881000 rw-p 00280000 00:19 555832                     /usr/lib/libstdc++.so.6.0.33
74c18e881000-74c18e885000 rw-p 00000000 00:00 0 
74c18e885000-74c18e886000 r--p 00000000 00:19 55647                      /usr/lib/libXau.so.6.0.0
74c18e886000-74c18e887000 r-xp 00001000 00:19 55647                      /usr/lib/libXau.so.6.0.0
74c18e887000-74c18e888000 r--p 00002000 00:19 55647                      /usr/lib/libXau.so.6.0.0
74c18e888000-74c18e889000 r--p 00002000 00:19 55647                      /usr/lib/libXau.so.6.0.0
74c18e889000-74c18e88a000 rw-p 00003000 00:19 55647                      /usr/lib/libXau.so.6.0.0
74c18e88a000-74c18e88c000 r--p 00000000 00:19 1466718                    /usr/lib/jvm/java-22-openjdk/lib/libzip.so
74c18e88c000-74c18e890000 r-xp 00002000 00:19 1466718                    /usr/lib/jvm/java-22-openjdk/lib/libzip.so
74c18e890000-74c18e892000 r--p 00006000 00:19 1466718                    /usr/lib/jvm/java-22-openjdk/lib/libzip.so
74c18e892000-74c18e893000 r--p 00007000 00:19 1466718                    /usr/lib/jvm/java-22-openjdk/lib/libzip.so
74c18e893000-74c18e894000 rw-p 00008000 00:19 1466718                    /usr/lib/jvm/java-22-openjdk/lib/libzip.so
74c18e894000-74c18e915000 rw-p 00000000 00:00 0 
74c18e915000-74c18e923000 r--p 00000000 00:19 555086                     /usr/lib/libm.so.6
74c18e923000-74c18e9a3000 r-xp 0000e000 00:19 555086                     /usr/lib/libm.so.6
74c18e9a3000-74c18e9fe000 r--p 0008e000 00:19 555086                     /usr/lib/libm.so.6
74c18e9fe000-74c18e9ff000 r--p 000e9000 00:19 555086                     /usr/lib/libm.so.6
74c18e9ff000-74c18ea00000 rw-p 000ea000 00:19 555086                     /usr/lib/libm.so.6
74c18ea00000-74c18ea0e000 r--p 00000000 00:19 1466731                    /usr/lib/jvm/java-22-openjdk/lib/server/libjvm.so
74c18ea0e000-74c18fb24000 r-xp 0000e000 00:19 1466731                    /usr/lib/jvm/java-22-openjdk/lib/server/libjvm.so
74c18fb24000-74c18fd1f000 r--p 01124000 00:19 1466731                    /usr/lib/jvm/java-22-openjdk/lib/server/libjvm.so
74c18fd1f000-74c18fdea000 r--p 0131f000 00:19 1466731                    /usr/lib/jvm/java-22-openjdk/lib/server/libjvm.so
74c18fdea000-74c18fe14000 rw-p 013ea000 00:19 1466731                    /usr/lib/jvm/java-22-openjdk/lib/server/libjvm.so
74c18fe14000-74c18fe8a000 rw-p 00000000 00:00 0 
74c18fe8b000-74c18fed1000 rw-p 00000000 00:00 0 
74c18fed1000-74c18fed8000 ---p 00000000 00:00 0 
74c18fed8000-74c18fee2000 r--p 00000000 00:19 1466693                    /usr/lib/jvm/java-22-openjdk/lib/libjava.so
74c18fee2000-74c18feef000 r-xp 0000a000 00:19 1466693                    /usr/lib/jvm/java-22-openjdk/lib/libjava.so
74c18feef000-74c18fef4000 r--p 00017000 00:19 1466693                    /usr/lib/jvm/java-22-openjdk/lib/libjava.so
74c18fef4000-74c18fef5000 r--p 0001b000 00:19 1466693                    /usr/lib/jvm/java-22-openjdk/lib/libjava.so
74c18fef5000-74c18fef6000 rw-p 0001c000 00:19 1466693                    /usr/lib/jvm/java-22-openjdk/lib/libjava.so
74c18fef6000-74c18fef7000 rw-p 00000000 00:00 0 
74c18fef7000-74c18fefb000 r--p 00000000 00:19 555802                     /usr/lib/libgcc_s.so.1
74c18fefb000-74c18ff1e000 r-xp 00004000 00:19 555802                     /usr/lib/libgcc_s.so.1
74c18ff1e000-74c18ff22000 r--p 00027000 00:19 555802                     /usr/lib/libgcc_s.so.1
74c18ff22000-74c18ff23000 r--p 0002a000 00:19 555802                     /usr/lib/libgcc_s.so.1
74c18ff23000-74c18ff24000 rw-p 0002b000 00:19 555802                     /usr/lib/libgcc_s.so.1
74c18ff24000-74c18ff27000 rw-p 00000000 00:00 0 
74c18ff27000-74c18ff2a000 r--p 00000000 00:19 562793                     /usr/lib/libz.so.1.3.1
74c18ff2a000-74c18ff38000 r-xp 00003000 00:19 562793                     /usr/lib/libz.so.1.3.1
74c18ff38000-74c18ff3e000 r--p 00011000 00:19 562793                     /usr/lib/libz.so.1.3.1
74c18ff3e000-74c18ff3f000 r--p 00017000 00:19 562793                     /usr/lib/libz.so.1.3.1
74c18ff3f000-74c18ff40000 rw-p 00018000 00:19 562793                     /usr/lib/libz.so.1.3.1
74c18ff40000-74c18ff64000 r--p 00000000 00:19 555076                     /usr/lib/libc.so.6
74c18ff64000-74c1900d0000 r-xp 00024000 00:19 555076                     /usr/lib/libc.so.6
74c1900d0000-74c19011e000 r--p 00190000 00:19 555076                     /usr/lib/libc.so.6
74c19011e000-74c190122000 r--p 001dd000 00:19 555076                     /usr/lib/libc.so.6
74c190122000-74c190124000 rw-p 001e1000 00:19 555076                     /usr/lib/libc.so.6
74c190124000-74c19012c000 rw-p 00000000 00:00 0 
74c19012d000-74c19012e000 r--p 00000000 00:19 1466686                    /usr/lib/jvm/java-22-openjdk/lib/libextnet.so
74c19012e000-74c19012f000 r-xp 00001000 00:19 1466686                    /usr/lib/jvm/java-22-openjdk/lib/libextnet.so
74c19012f000-74c190130000 r--p 00002000 00:19 1466686                    /usr/lib/jvm/java-22-openjdk/lib/libextnet.so
74c190130000-74c190131000 r--p 00002000 00:19 1466686                    /usr/lib/jvm/java-22-openjdk/lib/libextnet.so
74c190131000-74c190132000 rw-p 00003000 00:19 1466686                    /usr/lib/jvm/java-22-openjdk/lib/libextnet.so
74c190132000-74c19013a000 rw-s 00000000 00:29 1475                       /tmp/hsperfdata_adam/25816
74c19013a000-74c19013c000 r--p 00000000 00:19 1466688                    /usr/lib/jvm/java-22-openjdk/lib/libinstrument.so
74c19013c000-74c190143000 r-xp 00002000 00:19 1466688                    /usr/lib/jvm/java-22-openjdk/lib/libinstrument.so
74c190143000-74c190146000 r--p 00009000 00:19 1466688                    /usr/lib/jvm/java-22-openjdk/lib/libinstrument.so
74c190146000-74c190147000 r--p 0000b000 00:19 1466688                    /usr/lib/jvm/java-22-openjdk/lib/libinstrument.so
74c190147000-74c190148000 rw-p 0000c000 00:19 1466688                    /usr/lib/jvm/java-22-openjdk/lib/libinstrument.so
74c190148000-74c190149000 ---p 00000000 00:00 0 
74c190149000-74c19014a000 r--p 00000000 00:00 0 
74c19014a000-74c19014b000 ---p 00000000 00:00 0 
74c19014b000-74c19014c000 r--p 00000000 00:19 1466697                    /usr/lib/jvm/java-22-openjdk/lib/libjimage.so
74c19014c000-74c19014e000 r-xp 00001000 00:19 1466697                    /usr/lib/jvm/java-22-openjdk/lib/libjimage.so
74c19014e000-74c19014f000 r--p 00003000 00:19 1466697                    /usr/lib/jvm/java-22-openjdk/lib/libjimage.so
74c19014f000-74c190150000 r--p 00003000 00:19 1466697                    /usr/lib/jvm/java-22-openjdk/lib/libjimage.so
74c190150000-74c190151000 rw-p 00004000 00:19 1466697                    /usr/lib/jvm/java-22-openjdk/lib/libjimage.so
74c190151000-74c190153000 r--p 00000000 00:19 1466698                    /usr/lib/jvm/java-22-openjdk/lib/libjli.so
74c190153000-74c19015c000 r-xp 00002000 00:19 1466698                    /usr/lib/jvm/java-22-openjdk/lib/libjli.so
74c19015c000-74c19015f000 r--p 0000b000 00:19 1466698                    /usr/lib/jvm/java-22-openjdk/lib/libjli.so
74c19015f000-74c190160000 r--p 0000d000 00:19 1466698                    /usr/lib/jvm/java-22-openjdk/lib/libjli.so
74c190160000-74c190161000 rw-p 0000e000 00:19 1466698                    /usr/lib/jvm/java-22-openjdk/lib/libjli.so
74c190161000-74c190163000 rw-p 00000000 00:00 0 
74c190163000-74c190167000 r--p 00000000 00:00 0                          [vvar]
74c190167000-74c190169000 r-xp 00000000 00:00 0                          [vdso]
74c190169000-74c19016a000 r--p 00000000 00:19 555067                     /usr/lib/ld-linux-x86-64.so.2
74c19016a000-74c190191000 r-xp 00001000 00:19 555067                     /usr/lib/ld-linux-x86-64.so.2
74c190191000-74c19019b000 r--p 00028000 00:19 555067                     /usr/lib/ld-linux-x86-64.so.2
74c19019b000-74c19019d000 r--p 00032000 00:19 555067                     /usr/lib/ld-linux-x86-64.so.2
74c19019d000-74c19019f000 rw-p 00034000 00:19 555067                     /usr/lib/ld-linux-x86-64.so.2
7ffcedaee000-7ffcedb0f000 rw-p 00000000 00:00 0                          [stack]
ffffffffff600000-ffffffffff601000 --xp 00000000 00:00 0                  [vsyscall]
Total number of mappings: 261


VM Arguments:
jvm_args: -javaagent:/usr/share/jetbrains-idea-ce/lib/idea_rt.jar=45111:/usr/share/jetbrains-idea-ce/bin -Dfile.encoding=UTF-8 -Dsun.stdout.encoding=UTF-8 -Dsun.stderr.encoding=UTF-8 
java_command: org.example.Main
java_class_path (initial): /home/adam/projects/java/test/JavaMinesweeper/target/classes:/home/adam/Downloads/jaylib-5.0.0-0.jar
Launcher Type: SUN_STANDARD

[Global flags]
     intx CICompilerCount                          = 3                                         {product} {ergonomic}
     uint ConcGCThreads                            = 2                                         {product} {ergonomic}
     uint G1ConcRefinementThreads                  = 6                                         {product} {ergonomic}
   size_t G1HeapRegionSize                         = 2097152                                   {product} {ergonomic}
   size_t InitialHeapSize                          = 262144000                                 {product} {ergonomic}
   size_t MarkStackSize                            = 4194304                                   {product} {ergonomic}
   size_t MaxHeapSize                              = 4183818240                                {product} {ergonomic}
   size_t MaxNewSize                               = 2510290944                                {product} {ergonomic}
   size_t MinHeapDeltaBytes                        = 2097152                                   {product} {ergonomic}
   size_t MinHeapSize                              = 8388608                                   {product} {ergonomic}
    uintx NonNMethodCodeHeapSize                   = 5832780                                {pd product} {ergonomic}
    uintx NonProfiledCodeHeapSize                  = 122912730                              {pd product} {ergonomic}
    uintx ProfiledCodeHeapSize                     = 122912730                              {pd product} {ergonomic}
    uintx ReservedCodeCacheSize                    = 251658240                              {pd product} {ergonomic}
     bool SegmentedCodeCache                       = true                                      {product} {ergonomic}
   size_t SoftMaxHeapSize                          = 4183818240                             {manageable} {ergonomic}
     bool UseCompressedOops                        = true                           {product lp64_product} {ergonomic}
     bool UseG1GC                                  = true                                      {product} {ergonomic}

Logging:
Log output configuration:
 #0: stdout all=warning uptime,level,tags foldmultilines=false
 #1: stderr all=off uptime,level,tags foldmultilines=false

Environment Variables:
PATH=/usr/local/sbin:/usr/local/bin:/usr/bin:/usr/lib/jvm/default/bin:/usr/bin/site_perl:/usr/bin/vendor_perl:/usr/bin/core_perl
SHELL=/usr/bin/bash
DISPLAY=:1
LANG=en_GB.UTF-8

Active Locale:
LC_ALL=en_GB.UTF-8
LC_COLLATE=en_GB.UTF-8
LC_CTYPE=en_GB.UTF-8
LC_MESSAGES=en_GB.UTF-8
LC_MONETARY=en_GB.UTF-8
LC_NUMERIC=en_GB.UTF-8
LC_TIME=en_GB.UTF-8

Signal Handlers:
   SIGSEGV: 0x000074c18f7b9c90 in libjvm.so+14392464, mask=11100100010111111101111111111110, flags=SA_RESTART|SA_SIGINFO, unblocked
    SIGBUS: 0x000074c18f7b9c90 in libjvm.so+14392464, mask=11100100010111111101111111111110, flags=SA_RESTART|SA_SIGINFO, unblocked
    SIGFPE: 0x000074c18f7b9c90 in libjvm.so+14392464, mask=11100100010111111101111111111110, flags=SA_RESTART|SA_SIGINFO, unblocked
   SIGPIPE: 0x000074c18f671250 in libjvm.so+13046352, mask=11100100010111111101111111111110, flags=SA_RESTART|SA_SIGINFO, blocked
   SIGXFSZ: 0x000074c18f671250 in libjvm.so+13046352, mask=11100100010111111101111111111110, flags=SA_RESTART|SA_SIGINFO, blocked
    SIGILL: 0x000074c18f7b9c90 in libjvm.so+14392464, mask=11100100010111111101111111111110, flags=SA_RESTART|SA_SIGINFO, unblocked
   SIGUSR2: 0x000074c18f67fd70 in libjvm.so+13106544, mask=00100000000000000000000000000000, flags=SA_RESTART|SA_SIGINFO, blocked
    SIGHUP: 0x000074c18f668740 in libjvm.so+13010752, mask=11100100010111111101111111111110, flags=SA_RESTART|SA_SIGINFO, blocked
    SIGINT: 0x000074c18f668740 in libjvm.so+13010752, mask=11100100010111111101111111111110, flags=SA_RESTART|SA_SIGINFO, blocked
   SIGTERM: 0x000074c18f668740 in libjvm.so+13010752, mask=11100100010111111101111111111110, flags=SA_RESTART|SA_SIGINFO, blocked
   SIGQUIT: 0x000074c18f668740 in libjvm.so+13010752, mask=11100100010111111101111111111110, flags=SA_RESTART|SA_SIGINFO, blocked
   SIGTRAP: 0x000074c18f7b9c90 in libjvm.so+14392464, mask=11100100010111111101111111111110, flags=SA_RESTART|SA_SIGINFO, unblocked


Periodic native trim disabled

---------------  S Y S T E M  ---------------

OS:
DISTRIB_ID="Arch"
DISTRIB_RELEASE="rolling"
DISTRIB_DESCRIPTION="Arch Linux"
uname: Linux 6.9.3-arch1-1 #1 SMP PREEMPT_DYNAMIC Fri, 31 May 2024 15:14:45 +0000 x86_64
OS uptime: 0 days 8:04 hours
libc: glibc 2.39 NPTL 2.39 
rlimit (soft/hard): STACK 8192k/infinity , CORE infinity/infinity , NPROC 63763/63763 , NOFILE 524288/524288 , AS infinity/infinity , CPU infinity/infinity , DATA infinity/infinity , FSIZE infinity/infinity , MEMLOCK 8192k/8192k
load average: 0.94 0.45 0.34

/proc/meminfo:
MemTotal:       16340600 kB
MemFree:         1924412 kB
MemAvailable:    3947568 kB
Buffers:              20 kB
Cached:          2643040 kB
SwapCached:         6920 kB
Active:          6291948 kB
Inactive:        2228608 kB
Active(anon):    5398192 kB
Inactive(anon):   803308 kB
Active(file):     893756 kB
Inactive(file):  1425300 kB
Unevictable:           0 kB
Mlocked:               0 kB
SwapTotal:       4194300 kB
SwapFree:        1270780 kB
Zswap:                 0 kB
Zswapped:              0 kB
Dirty:              1832 kB
Writeback:             0 kB
AnonPages:       5844352 kB
Mapped:          1045120 kB
Shmem:            323996 kB
KReclaimable:     165208 kB
Slab:             383172 kB
SReclaimable:     165208 kB
SUnreclaim:       217964 kB
KernelStack:       28892 kB
PageTables:       107288 kB
SecPageTables:         0 kB
NFS_Unstable:          0 kB
Bounce:                0 kB
WritebackTmp:          0 kB
CommitLimit:    12364600 kB
Committed_AS:   29161320 kB
VmallocTotal:   34359738367 kB
VmallocUsed:       90660 kB
VmallocChunk:          0 kB
Percpu:            78848 kB
HardwareCorrupted:     0 kB
AnonHugePages:   3133440 kB
ShmemHugePages:        0 kB
ShmemPmdMapped:        0 kB
FileHugePages:    460800 kB
FilePmdMapped:     55296 kB
CmaTotal:              0 kB
CmaFree:               0 kB
Unaccepted:            0 kB
HugePages_Total:       0
HugePages_Free:        0
HugePages_Rsvd:        0
HugePages_Surp:        0
Hugepagesize:       2048 kB
Hugetlb:               0 kB
DirectMap4k:      155456 kB
DirectMap2M:     5087232 kB
DirectMap1G:    13631488 kB

/sys/kernel/mm/transparent_hugepage/enabled: [always] madvise never
/sys/kernel/mm/transparent_hugepage/shmem_enabled: always within_size advise [never] deny force
/sys/kernel/mm/transparent_hugepage/defrag (defrag/compaction efforts parameter): always defer defer+madvise [madvise] never

Process Memory:
Virtual Size: 7032468K (peak: 7032468K)
Resident Set Size: 62156K (peak: 62156K) (anon: 35676K, file: 26480K, shmem: 0K)
Swapped out: 0K
C-Heap outstanding allocations: 21609K, retained: 2742K
glibc malloc tunables: (default)

/proc/sys/kernel/threads-max (system-wide limit on the number of threads): 127527
/proc/sys/vm/max_map_count (maximum number of memory map areas a process may have): 1048576
/proc/sys/kernel/pid_max (system-wide limit on number of process identifiers): 4194304

container (cgroup) information:
container_type: cgroupv2
cpu_cpuset_cpus: not supported
cpu_memory_nodes: not supported
active_processor_count: 6
cpu_quota: not supported
cpu_period: not supported
cpu_shares: not supported
memory_limit_in_bytes: unlimited
memory_and_swap_limit_in_bytes: unlimited
memory_soft_limit_in_bytes: unlimited
memory_usage_in_bytes: 3624904 k
memory_max_usage_in_bytes: not supported
memory_swap_current_in_bytes: 438616 k
memory_swap_max_limit_in_bytes: unlimited
maximum number of tasks: 19129
current number of tasks: 188

VMWare virtualization detected
Steal ticks since vm start: 0
Steal ticks percentage since vm start:  0.000

CPU: total 128 (initial active 6) (3 cores per cpu, 1 threads per core) family 25 model 97 stepping 2 microcode 0xa601203, cx8, cmov, fxsr, mmx, 3dnowpref, sse, sse2, sse3, ssse3, sse4a, sse4.1, sse4.2, popcnt, lzcnt, tsc, tscinvbit, avx, avx2, aes, erms, clmul, bmi1, bmi2, adx, avx512f, avx512dq, avx512cd, avx512bw, avx512vl, sha, fma, vzeroupper, avx512_vpopcntdq, avx512_vpclmulqdq, avx512_vaes, avx512_vnni, clflush, clflushopt, avx512_vbmi2, avx512_vbmi, hv, rdtscp, rdpid, fsrm, gfni, avx512_bitalg, f16c, pku, ospke, avx512_ifma
CPU Model and flags from /proc/cpuinfo:
model name	: AMD Ryzen 9 7950X 16-Core Processor
flags		: fpu vme de pse tsc msr pae mce cx8 apic sep mtrr pge mca cmov pat pse36 clflush mmx fxsr sse sse2 ht syscall nx mmxext fxsr_opt pdpe1gb rdtscp lm constant_tsc rep_good nopl xtopology tsc_reliable nonstop_tsc cpuid extd_apicid tsc_known_freq pni pclmulqdq ssse3 fma cx16 sse4_1 sse4_2 x2apic movbe popcnt aes xsave avx f16c rdrand hypervisor lahf_lm cmp_legacy extapic cr8_legacy abm sse4a misalignsse 3dnowprefetch osvw topoext ibpb vmmcall fsgsbase bmi1 avx2 smep bmi2 erms invpcid avx512f avx512dq rdseed adx smap avx512ifma clflushopt clwb avx512cd sha_ni avx512bw avx512vl xsaveopt xsavec xgetbv1 xsaves avx512_bf16 clzero wbnoinvd arat avx512vbmi umip pku ospke avx512_vbmi2 gfni vaes vpclmulqdq avx512_vnni avx512_bitalg avx512_vpopcntdq rdpid overflow_recov succor fsrm flush_l1d

Online cpus: 0-5
Offline cpus: 6-127
BIOS frequency limitation: <Not Available>
Frequency switch latency (ns): <Not Available>
Available cpu frequencies: <Not Available>
Current governor: <Not Available>
Core performance/turbo boost: <Not Available>

Memory: 4k page, physical 16340600k(3947568k free), swap 4194300k(1270780k free)
Page Sizes: 4k

vm_info: OpenJDK 64-Bit Server VM (22) for linux-amd64 JRE (22), built on 2024-04-17T17:56:42Z by "builduser" with gcc 13.2.1 20230801

END.
